   0  $accept : %entry% $end

   1  program : parts EOF

   2  parts :
   3        | part parts

   4  part : imports
   5       | fxns
   6       | typs
   7       | stmts

   8  imports : import
   9          | import imports

  10  import : IMPORT STRING

  11  fxns : fxn
  12       | fxn fxns

  13  fxn : FUN ID LPAREN params RPAREN block

  14  params :
  15         | post_expr
  16         | post_expr COMMA params

  17  typs : typ
  18       | typ typs

  19  typ : TYPE ID ASSIGN LBRACE parts RBRACE sub_typs
  20      | TYPE ID ASSIGN sub_typs

  21  sub_typs : sub_typ
  22           | sub_typ VERT sub_typs

  23  sub_typ : ID
  24          | ID OF post_expr
  25          | ID LBRACE parts RBRACE
  26          | ID OF post_expr LBRACE parts RBRACE

  27  stmts : stmt
  28        | stmt stmts

  29  block : LBRACE RBRACE
  30        | LBRACE stmts RBRACE

  31  stmt : expr SEMI
  32       | block
  33       | PRINT expr SEMI
  34       | RETURN expr SEMI
  35       | RAISE expr SEMI
  36       | BREAK SEMI
  37       | WHILE LPAREN expr RPAREN block
  38       | FOR LPAREN expr SEMI expr SEMI expr RPAREN block
  39       | FOR LPAREN post_expr IN expr RPAREN block
  40       | FOR post_expr IN expr RPAREN block
  41       | MATCH LPAREN expr RPAREN LBRACE match_conditions RBRACE
  42       | TRY block CATCH expr block
  43       | IF LPAREN expr RPAREN block
  44       | IF LPAREN expr RPAREN block else_stmt
  45       | SEMI

  46  match_conditions : match_condition block
  47                   | match_condition block VERT match_conditions

  48  match_condition : post_expr LPAREN opt_typs RPAREN
  49                  | post_expr
  50                  | post_expr LPAREN opt_typs RPAREN WHEN expr
  51                  | post_expr WHEN expr

  52  else_stmt : ELIF LPAREN expr RPAREN block
  53            | ELIF LPAREN expr RPAREN block else_stmt
  54            | ELSE block

  55  exprs : expr
  56        | expr COMMA exprs

  57  expr : TRY pre_expr bin_exprs COLON expr
  58       | pre_expr bin_exprs

  59  pre_expr : DECREMENT post_expr
  60           | INCREMENT post_expr
  61           | FORCE post_expr
  62           | MINUS post_expr
  63           | post_expr

  64  bin_exprs :
  65            | bin_expr bin_exprs

  66  bin_expr : PLUS pre_expr
  67           | MINUS pre_expr
  68           | TIMES pre_expr
  69           | DIVIDE pre_expr
  70           | MOD pre_expr
  71           | AND pre_expr
  72           | OR pre_expr
  73           | LT pre_expr
  74           | GT pre_expr
  75           | LEQ pre_expr
  76           | GEQ pre_expr
  77           | EQ pre_expr
  78           | NEQ pre_expr
  79           | IS pre_expr
  80           | ASSIGN pre_expr
  81           | PLUSASSIGN pre_expr
  82           | MINUSASSIGN pre_expr
  83           | TIMESASSIGN pre_expr
  84           | DIVIDEASSIGN pre_expr
  85           | MODASSIGN pre_expr

  86  post_expr : opt_typ
  87            | literal
  88            | LPAREN opt_typs RPAREN
  89            | post_expr brack_exprs
  90            | post_expr paren_tuple_exprs
  91            | post_expr LPAREN RPAREN
  92            | post_expr LPAREN exprs RPAREN
  93            | post_expr PERIOD ID LPAREN RPAREN
  94            | post_expr PERIOD ID LPAREN exprs RPAREN
  95            | post_expr INCREMENT
  96            | post_expr DECREMENT
  97            | post_expr FORCE
  98            | LPAREN expr RPAREN

  99  opt_typ : ID
 100          | OPTID
 101          | UNDER

 102  opt_typs : opt_typ COMMA opt_typ
 103           | opt_typ COMMA opt_typs

 104  brack_exprs : LBRACK expr RBRACK
 105              | LBRACK expr RBRACK brack_exprs

 106  paren_tuple_exprs : PERIOD LPAREN expr RPAREN
 107                    | PERIOD LPAREN expr RPAREN paren_tuple_exprs

 108  literal : INT
 109          | DOUBLE
 110          | CHAR
 111          | BOOL
 112          | STRING
 113          | LBRACE RBRACE
 114          | LBRACE exprs RBRACE
 115          | LBRACE key_val_exprs RBRACE
 116          | LPAREN exprs RPAREN

 117  key_val_exprs : INT COLON expr
 118                | STRING COLON expr
 119                | INT COLON expr COMMA key_val_exprs
 120                | STRING COLON expr COMMA key_val_exprs

 121  %entry% : '\001' program

state 0
	$accept : . %entry% $end  (0)

	'\001'  shift 1
	.  error

	%entry%  goto 2


state 1
	%entry% : '\001' . program  (121)
	parts : .  (2)

	LPAREN  shift 3
	LBRACE  shift 4
	MINUS  shift 5
	INCREMENT  shift 6
	DECREMENT  shift 7
	FORCE  shift 8
	FUN  shift 9
	TYPE  shift 10
	IMPORT  shift 11
	PRINT  shift 12
	RAISE  shift 13
	BREAK  shift 14
	RETURN  shift 15
	TRY  shift 16
	IF  shift 17
	FOR  shift 18
	WHILE  shift 19
	MATCH  shift 20
	SEMI  shift 21
	UNDER  shift 22
	STRING  shift 23
	INT  shift 24
	DOUBLE  shift 25
	CHAR  shift 26
	BOOL  shift 27
	ID  shift 28
	OPTID  shift 29
	EOF  reduce 2

	program  goto 30
	parts  goto 31
	part  goto 32
	imports  goto 33
	fxns  goto 34
	typs  goto 35
	stmts  goto 36
	import  goto 37
	fxn  goto 38
	block  goto 39
	post_expr  goto 40
	typ  goto 41
	stmt  goto 42
	expr  goto 43
	pre_expr  goto 44
	opt_typ  goto 45
	literal  goto 46


state 2
	$accept : %entry% . $end  (0)

	$end  accept


state 3
	post_expr : LPAREN . opt_typs RPAREN  (88)
	post_expr : LPAREN . expr RPAREN  (98)
	literal : LPAREN . exprs RPAREN  (116)

	LPAREN  shift 3
	LBRACE  shift 47
	MINUS  shift 5
	INCREMENT  shift 6
	DECREMENT  shift 7
	FORCE  shift 8
	TRY  shift 48
	UNDER  shift 22
	STRING  shift 23
	INT  shift 24
	DOUBLE  shift 25
	CHAR  shift 26
	BOOL  shift 27
	ID  shift 28
	OPTID  shift 29
	.  error

	post_expr  goto 40
	expr  goto 49
	opt_typs  goto 50
	exprs  goto 51
	pre_expr  goto 44
	opt_typ  goto 52
	literal  goto 46


state 4
	block : LBRACE . RBRACE  (29)
	block : LBRACE . stmts RBRACE  (30)
	literal : LBRACE . RBRACE  (113)
	literal : LBRACE . exprs RBRACE  (114)
	literal : LBRACE . key_val_exprs RBRACE  (115)

	LPAREN  shift 3
	LBRACE  shift 4
	RBRACE  shift 53
	MINUS  shift 5
	INCREMENT  shift 6
	DECREMENT  shift 7
	FORCE  shift 8
	PRINT  shift 12
	RAISE  shift 13
	BREAK  shift 14
	RETURN  shift 15
	TRY  shift 16
	IF  shift 17
	FOR  shift 18
	WHILE  shift 19
	MATCH  shift 20
	SEMI  shift 21
	UNDER  shift 22
	STRING  shift 54
	INT  shift 55
	DOUBLE  shift 25
	CHAR  shift 26
	BOOL  shift 27
	ID  shift 28
	OPTID  shift 29
	.  error

	stmts  goto 56
	block  goto 39
	post_expr  goto 40
	stmt  goto 42
	expr  goto 57
	exprs  goto 58
	pre_expr  goto 44
	opt_typ  goto 45
	literal  goto 46
	key_val_exprs  goto 59


state 5
	pre_expr : MINUS . post_expr  (62)

	LPAREN  shift 3
	LBRACE  shift 47
	UNDER  shift 22
	STRING  shift 23
	INT  shift 24
	DOUBLE  shift 25
	CHAR  shift 26
	BOOL  shift 27
	ID  shift 28
	OPTID  shift 29
	.  error

	post_expr  goto 60
	opt_typ  goto 45
	literal  goto 46


state 6
	pre_expr : INCREMENT . post_expr  (60)

	LPAREN  shift 3
	LBRACE  shift 47
	UNDER  shift 22
	STRING  shift 23
	INT  shift 24
	DOUBLE  shift 25
	CHAR  shift 26
	BOOL  shift 27
	ID  shift 28
	OPTID  shift 29
	.  error

	post_expr  goto 61
	opt_typ  goto 45
	literal  goto 46


state 7
	pre_expr : DECREMENT . post_expr  (59)

	LPAREN  shift 3
	LBRACE  shift 47
	UNDER  shift 22
	STRING  shift 23
	INT  shift 24
	DOUBLE  shift 25
	CHAR  shift 26
	BOOL  shift 27
	ID  shift 28
	OPTID  shift 29
	.  error

	post_expr  goto 62
	opt_typ  goto 45
	literal  goto 46


state 8
	pre_expr : FORCE . post_expr  (61)

	LPAREN  shift 3
	LBRACE  shift 47
	UNDER  shift 22
	STRING  shift 23
	INT  shift 24
	DOUBLE  shift 25
	CHAR  shift 26
	BOOL  shift 27
	ID  shift 28
	OPTID  shift 29
	.  error

	post_expr  goto 63
	opt_typ  goto 45
	literal  goto 46


state 9
	fxn : FUN . ID LPAREN params RPAREN block  (13)

	ID  shift 64
	.  error


state 10
	typ : TYPE . ID ASSIGN LBRACE parts RBRACE sub_typs  (19)
	typ : TYPE . ID ASSIGN sub_typs  (20)

	ID  shift 65
	.  error


state 11
	import : IMPORT . STRING  (10)

	STRING  shift 66
	.  error


state 12
	stmt : PRINT . expr SEMI  (33)

	LPAREN  shift 3
	LBRACE  shift 47
	MINUS  shift 5
	INCREMENT  shift 6
	DECREMENT  shift 7
	FORCE  shift 8
	TRY  shift 48
	UNDER  shift 22
	STRING  shift 23
	INT  shift 24
	DOUBLE  shift 25
	CHAR  shift 26
	BOOL  shift 27
	ID  shift 28
	OPTID  shift 29
	.  error

	post_expr  goto 40
	expr  goto 67
	pre_expr  goto 44
	opt_typ  goto 45
	literal  goto 46


state 13
	stmt : RAISE . expr SEMI  (35)

	LPAREN  shift 3
	LBRACE  shift 47
	MINUS  shift 5
	INCREMENT  shift 6
	DECREMENT  shift 7
	FORCE  shift 8
	TRY  shift 48
	UNDER  shift 22
	STRING  shift 23
	INT  shift 24
	DOUBLE  shift 25
	CHAR  shift 26
	BOOL  shift 27
	ID  shift 28
	OPTID  shift 29
	.  error

	post_expr  goto 40
	expr  goto 68
	pre_expr  goto 44
	opt_typ  goto 45
	literal  goto 46


state 14
	stmt : BREAK . SEMI  (36)

	SEMI  shift 69
	.  error


state 15
	stmt : RETURN . expr SEMI  (34)

	LPAREN  shift 3
	LBRACE  shift 47
	MINUS  shift 5
	INCREMENT  shift 6
	DECREMENT  shift 7
	FORCE  shift 8
	TRY  shift 48
	UNDER  shift 22
	STRING  shift 23
	INT  shift 24
	DOUBLE  shift 25
	CHAR  shift 26
	BOOL  shift 27
	ID  shift 28
	OPTID  shift 29
	.  error

	post_expr  goto 40
	expr  goto 70
	pre_expr  goto 44
	opt_typ  goto 45
	literal  goto 46


state 16
	stmt : TRY . block CATCH expr block  (42)
	expr : TRY . pre_expr bin_exprs COLON expr  (57)

	LPAREN  shift 3
	LBRACE  shift 4
	MINUS  shift 5
	INCREMENT  shift 6
	DECREMENT  shift 7
	FORCE  shift 8
	UNDER  shift 22
	STRING  shift 23
	INT  shift 24
	DOUBLE  shift 25
	CHAR  shift 26
	BOOL  shift 27
	ID  shift 28
	OPTID  shift 29
	.  error

	block  goto 71
	post_expr  goto 40
	pre_expr  goto 72
	opt_typ  goto 45
	literal  goto 46


state 17
	stmt : IF . LPAREN expr RPAREN block  (43)
	stmt : IF . LPAREN expr RPAREN block else_stmt  (44)

	LPAREN  shift 73
	.  error


state 18
	stmt : FOR . LPAREN expr SEMI expr SEMI expr RPAREN block  (38)
	stmt : FOR . LPAREN post_expr IN expr RPAREN block  (39)
	stmt : FOR . post_expr IN expr RPAREN block  (40)

	LPAREN  shift 74
	LBRACE  shift 47
	UNDER  shift 22
	STRING  shift 23
	INT  shift 24
	DOUBLE  shift 25
	CHAR  shift 26
	BOOL  shift 27
	ID  shift 28
	OPTID  shift 29
	.  error

	post_expr  goto 75
	opt_typ  goto 45
	literal  goto 46


state 19
	stmt : WHILE . LPAREN expr RPAREN block  (37)

	LPAREN  shift 76
	.  error


state 20
	stmt : MATCH . LPAREN expr RPAREN LBRACE match_conditions RBRACE  (41)

	LPAREN  shift 77
	.  error


state 21
	stmt : SEMI .  (45)

	.  reduce 45


state 22
	opt_typ : UNDER .  (101)

	.  reduce 101


state 23
	literal : STRING .  (112)

	.  reduce 112


state 24
	literal : INT .  (108)

	.  reduce 108


state 25
	literal : DOUBLE .  (109)

	.  reduce 109


state 26
	literal : CHAR .  (110)

	.  reduce 110


state 27
	literal : BOOL .  (111)

	.  reduce 111


state 28
	opt_typ : ID .  (99)

	.  reduce 99


state 29
	opt_typ : OPTID .  (100)

	.  reduce 100


state 30
	%entry% : '\001' program .  (121)

	.  reduce 121


state 31
	program : parts . EOF  (1)

	EOF  shift 78
	.  error


state 32
	parts : part . parts  (3)
	parts : .  (2)

	LPAREN  shift 3
	LBRACE  shift 4
	MINUS  shift 5
	INCREMENT  shift 6
	DECREMENT  shift 7
	FORCE  shift 8
	FUN  shift 9
	TYPE  shift 10
	IMPORT  shift 11
	PRINT  shift 12
	RAISE  shift 13
	BREAK  shift 14
	RETURN  shift 15
	TRY  shift 16
	IF  shift 17
	FOR  shift 18
	WHILE  shift 19
	MATCH  shift 20
	SEMI  shift 21
	UNDER  shift 22
	STRING  shift 23
	INT  shift 24
	DOUBLE  shift 25
	CHAR  shift 26
	BOOL  shift 27
	ID  shift 28
	OPTID  shift 29
	RBRACE  reduce 2
	EOF  reduce 2

	parts  goto 79
	part  goto 32
	imports  goto 33
	fxns  goto 34
	typs  goto 35
	stmts  goto 36
	import  goto 37
	fxn  goto 38
	block  goto 39
	post_expr  goto 40
	typ  goto 41
	stmt  goto 42
	expr  goto 43
	pre_expr  goto 44
	opt_typ  goto 45
	literal  goto 46


state 33
	part : imports .  (4)

	.  reduce 4


state 34
	part : fxns .  (5)

	.  reduce 5


state 35
	part : typs .  (6)

	.  reduce 6


state 36
	part : stmts .  (7)

	.  reduce 7


state 37
	imports : import .  (8)
	imports : import . imports  (9)

	IMPORT  shift 11
	LPAREN  reduce 8
	LBRACE  reduce 8
	RBRACE  reduce 8
	MINUS  reduce 8
	INCREMENT  reduce 8
	DECREMENT  reduce 8
	FORCE  reduce 8
	FUN  reduce 8
	TYPE  reduce 8
	PRINT  reduce 8
	RAISE  reduce 8
	BREAK  reduce 8
	RETURN  reduce 8
	TRY  reduce 8
	IF  reduce 8
	FOR  reduce 8
	WHILE  reduce 8
	MATCH  reduce 8
	SEMI  reduce 8
	UNDER  reduce 8
	EOF  reduce 8
	STRING  reduce 8
	INT  reduce 8
	DOUBLE  reduce 8
	CHAR  reduce 8
	BOOL  reduce 8
	ID  reduce 8
	OPTID  reduce 8

	imports  goto 80
	import  goto 37


state 38
	fxns : fxn .  (11)
	fxns : fxn . fxns  (12)

	FUN  shift 9
	LPAREN  reduce 11
	LBRACE  reduce 11
	RBRACE  reduce 11
	MINUS  reduce 11
	INCREMENT  reduce 11
	DECREMENT  reduce 11
	FORCE  reduce 11
	TYPE  reduce 11
	IMPORT  reduce 11
	PRINT  reduce 11
	RAISE  reduce 11
	BREAK  reduce 11
	RETURN  reduce 11
	TRY  reduce 11
	IF  reduce 11
	FOR  reduce 11
	WHILE  reduce 11
	MATCH  reduce 11
	SEMI  reduce 11
	UNDER  reduce 11
	EOF  reduce 11
	STRING  reduce 11
	INT  reduce 11
	DOUBLE  reduce 11
	CHAR  reduce 11
	BOOL  reduce 11
	ID  reduce 11
	OPTID  reduce 11

	fxns  goto 81
	fxn  goto 38


state 39
	stmt : block .  (32)

	.  reduce 32


state 40
	pre_expr : post_expr .  (63)
	post_expr : post_expr . brack_exprs  (89)
	post_expr : post_expr . paren_tuple_exprs  (90)
	post_expr : post_expr . LPAREN RPAREN  (91)
	post_expr : post_expr . LPAREN exprs RPAREN  (92)
	post_expr : post_expr . PERIOD ID LPAREN RPAREN  (93)
	post_expr : post_expr . PERIOD ID LPAREN exprs RPAREN  (94)
	post_expr : post_expr . INCREMENT  (95)
	post_expr : post_expr . DECREMENT  (96)
	post_expr : post_expr . FORCE  (97)

	LPAREN  shift 82
	LBRACK  shift 83
	INCREMENT  shift 84
	DECREMENT  shift 85
	FORCE  shift 86
	PERIOD  shift 87
	RPAREN  reduce 63
	LBRACE  reduce 63
	RBRACE  reduce 63
	RBRACK  reduce 63
	PLUS  reduce 63
	MINUS  reduce 63
	TIMES  reduce 63
	DIVIDE  reduce 63
	MOD  reduce 63
	LT  reduce 63
	GT  reduce 63
	LEQ  reduce 63
	GEQ  reduce 63
	EQ  reduce 63
	NEQ  reduce 63
	AND  reduce 63
	OR  reduce 63
	IS  reduce 63
	ASSIGN  reduce 63
	PLUSASSIGN  reduce 63
	MINUSASSIGN  reduce 63
	TIMESASSIGN  reduce 63
	DIVIDEASSIGN  reduce 63
	MODASSIGN  reduce 63
	SEMI  reduce 63
	COLON  reduce 63
	COMMA  reduce 63

	brack_exprs  goto 88
	paren_tuple_exprs  goto 89


state 41
	typs : typ .  (17)
	typs : typ . typs  (18)

	TYPE  shift 10
	LPAREN  reduce 17
	LBRACE  reduce 17
	RBRACE  reduce 17
	MINUS  reduce 17
	INCREMENT  reduce 17
	DECREMENT  reduce 17
	FORCE  reduce 17
	FUN  reduce 17
	IMPORT  reduce 17
	PRINT  reduce 17
	RAISE  reduce 17
	BREAK  reduce 17
	RETURN  reduce 17
	TRY  reduce 17
	IF  reduce 17
	FOR  reduce 17
	WHILE  reduce 17
	MATCH  reduce 17
	SEMI  reduce 17
	UNDER  reduce 17
	EOF  reduce 17
	STRING  reduce 17
	INT  reduce 17
	DOUBLE  reduce 17
	CHAR  reduce 17
	BOOL  reduce 17
	ID  reduce 17
	OPTID  reduce 17

	typs  goto 90
	typ  goto 41


state 42
	stmts : stmt .  (27)
	stmts : stmt . stmts  (28)

	LPAREN  shift 3
	LBRACE  shift 4
	MINUS  shift 5
	INCREMENT  shift 6
	DECREMENT  shift 7
	FORCE  shift 8
	PRINT  shift 12
	RAISE  shift 13
	BREAK  shift 14
	RETURN  shift 15
	TRY  shift 16
	IF  shift 17
	FOR  shift 18
	WHILE  shift 19
	MATCH  shift 20
	SEMI  shift 21
	UNDER  shift 22
	STRING  shift 23
	INT  shift 24
	DOUBLE  shift 25
	CHAR  shift 26
	BOOL  shift 27
	ID  shift 28
	OPTID  shift 29
	RBRACE  reduce 27
	FUN  reduce 27
	TYPE  reduce 27
	IMPORT  reduce 27
	EOF  reduce 27

	stmts  goto 91
	block  goto 39
	post_expr  goto 40
	stmt  goto 42
	expr  goto 43
	pre_expr  goto 44
	opt_typ  goto 45
	literal  goto 46


state 43
	stmt : expr . SEMI  (31)

	SEMI  shift 92
	.  error


state 44
	expr : pre_expr . bin_exprs  (58)
	bin_exprs : .  (64)

	PLUS  shift 93
	MINUS  shift 94
	TIMES  shift 95
	DIVIDE  shift 96
	MOD  shift 97
	LT  shift 98
	GT  shift 99
	LEQ  shift 100
	GEQ  shift 101
	EQ  shift 102
	NEQ  shift 103
	AND  shift 104
	OR  shift 105
	IS  shift 106
	ASSIGN  shift 107
	PLUSASSIGN  shift 108
	MINUSASSIGN  shift 109
	TIMESASSIGN  shift 110
	DIVIDEASSIGN  shift 111
	MODASSIGN  shift 112
	RPAREN  reduce 64
	LBRACE  reduce 64
	RBRACE  reduce 64
	RBRACK  reduce 64
	SEMI  reduce 64
	COMMA  reduce 64

	bin_exprs  goto 113
	bin_expr  goto 114


state 45
	post_expr : opt_typ .  (86)

	.  reduce 86


state 46
	post_expr : literal .  (87)

	.  reduce 87


state 47
	literal : LBRACE . RBRACE  (113)
	literal : LBRACE . exprs RBRACE  (114)
	literal : LBRACE . key_val_exprs RBRACE  (115)

	LPAREN  shift 3
	LBRACE  shift 47
	RBRACE  shift 115
	MINUS  shift 5
	INCREMENT  shift 6
	DECREMENT  shift 7
	FORCE  shift 8
	TRY  shift 48
	UNDER  shift 22
	STRING  shift 54
	INT  shift 55
	DOUBLE  shift 25
	CHAR  shift 26
	BOOL  shift 27
	ID  shift 28
	OPTID  shift 29
	.  error

	post_expr  goto 40
	expr  goto 116
	exprs  goto 58
	pre_expr  goto 44
	opt_typ  goto 45
	literal  goto 46
	key_val_exprs  goto 59


state 48
	expr : TRY . pre_expr bin_exprs COLON expr  (57)

	LPAREN  shift 3
	LBRACE  shift 47
	MINUS  shift 5
	INCREMENT  shift 6
	DECREMENT  shift 7
	FORCE  shift 8
	UNDER  shift 22
	STRING  shift 23
	INT  shift 24
	DOUBLE  shift 25
	CHAR  shift 26
	BOOL  shift 27
	ID  shift 28
	OPTID  shift 29
	.  error

	post_expr  goto 40
	pre_expr  goto 72
	opt_typ  goto 45
	literal  goto 46


state 49
	exprs : expr .  (55)
	exprs : expr . COMMA exprs  (56)
	post_expr : LPAREN expr . RPAREN  (98)

	RPAREN  shift 117
	COMMA  shift 118
	.  error


state 50
	post_expr : LPAREN opt_typs . RPAREN  (88)

	RPAREN  shift 119
	.  error


state 51
	literal : LPAREN exprs . RPAREN  (116)

	RPAREN  shift 120
	.  error


state 52
	post_expr : opt_typ .  (86)
	opt_typs : opt_typ . COMMA opt_typ  (102)
	opt_typs : opt_typ . COMMA opt_typs  (103)

	COMMA  shift 121
	LPAREN  reduce 86
	RPAREN  reduce 86
	LBRACK  reduce 86
	PLUS  reduce 86
	MINUS  reduce 86
	TIMES  reduce 86
	DIVIDE  reduce 86
	MOD  reduce 86
	INCREMENT  reduce 86
	DECREMENT  reduce 86
	LT  reduce 86
	GT  reduce 86
	LEQ  reduce 86
	GEQ  reduce 86
	EQ  reduce 86
	NEQ  reduce 86
	AND  reduce 86
	OR  reduce 86
	FORCE  reduce 86
	IS  reduce 86
	ASSIGN  reduce 86
	PLUSASSIGN  reduce 86
	MINUSASSIGN  reduce 86
	TIMESASSIGN  reduce 86
	DIVIDEASSIGN  reduce 86
	MODASSIGN  reduce 86
	IN  reduce 86
	SEMI  reduce 86
	PERIOD  reduce 86


53: reduce/reduce conflict (reduce 29, reduce 113) on LPAREN
53: reduce/reduce conflict (reduce 29, reduce 113) on RBRACE
53: reduce/reduce conflict (reduce 29, reduce 113) on MINUS
53: reduce/reduce conflict (reduce 29, reduce 113) on INCREMENT
53: reduce/reduce conflict (reduce 29, reduce 113) on DECREMENT
53: reduce/reduce conflict (reduce 29, reduce 113) on FORCE
53: reduce/reduce conflict (reduce 29, reduce 113) on SEMI
state 53
	block : LBRACE RBRACE .  (29)
	literal : LBRACE RBRACE .  (113)

	LPAREN  reduce 29
	LBRACE  reduce 29
	RBRACE  reduce 29
	LBRACK  reduce 113
	PLUS  reduce 113
	MINUS  reduce 29
	TIMES  reduce 113
	DIVIDE  reduce 113
	MOD  reduce 113
	INCREMENT  reduce 29
	DECREMENT  reduce 29
	LT  reduce 113
	GT  reduce 113
	LEQ  reduce 113
	GEQ  reduce 113
	EQ  reduce 113
	NEQ  reduce 113
	AND  reduce 113
	OR  reduce 113
	FORCE  reduce 29
	IS  reduce 113
	ASSIGN  reduce 113
	PLUSASSIGN  reduce 113
	MINUSASSIGN  reduce 113
	TIMESASSIGN  reduce 113
	DIVIDEASSIGN  reduce 113
	MODASSIGN  reduce 113
	FUN  reduce 29
	TYPE  reduce 29
	IMPORT  reduce 29
	PRINT  reduce 29
	RAISE  reduce 29
	BREAK  reduce 29
	RETURN  reduce 29
	TRY  reduce 29
	CATCH  reduce 29
	IF  reduce 29
	FOR  reduce 29
	WHILE  reduce 29
	MATCH  reduce 29
	SEMI  reduce 29
	COLON  reduce 113
	COMMA  reduce 113
	PERIOD  reduce 113
	UNDER  reduce 29
	EOF  reduce 29
	STRING  reduce 29
	INT  reduce 29
	DOUBLE  reduce 29
	CHAR  reduce 29
	BOOL  reduce 29
	ID  reduce 29
	OPTID  reduce 29


state 54
	literal : STRING .  (112)
	key_val_exprs : STRING . COLON expr  (118)
	key_val_exprs : STRING . COLON expr COMMA key_val_exprs  (120)

	COLON  shift 122
	LPAREN  reduce 112
	RBRACE  reduce 112
	LBRACK  reduce 112
	PLUS  reduce 112
	MINUS  reduce 112
	TIMES  reduce 112
	DIVIDE  reduce 112
	MOD  reduce 112
	INCREMENT  reduce 112
	DECREMENT  reduce 112
	LT  reduce 112
	GT  reduce 112
	LEQ  reduce 112
	GEQ  reduce 112
	EQ  reduce 112
	NEQ  reduce 112
	AND  reduce 112
	OR  reduce 112
	FORCE  reduce 112
	IS  reduce 112
	ASSIGN  reduce 112
	PLUSASSIGN  reduce 112
	MINUSASSIGN  reduce 112
	TIMESASSIGN  reduce 112
	DIVIDEASSIGN  reduce 112
	MODASSIGN  reduce 112
	SEMI  reduce 112
	COMMA  reduce 112
	PERIOD  reduce 112


state 55
	literal : INT .  (108)
	key_val_exprs : INT . COLON expr  (117)
	key_val_exprs : INT . COLON expr COMMA key_val_exprs  (119)

	COLON  shift 123
	LPAREN  reduce 108
	RBRACE  reduce 108
	LBRACK  reduce 108
	PLUS  reduce 108
	MINUS  reduce 108
	TIMES  reduce 108
	DIVIDE  reduce 108
	MOD  reduce 108
	INCREMENT  reduce 108
	DECREMENT  reduce 108
	LT  reduce 108
	GT  reduce 108
	LEQ  reduce 108
	GEQ  reduce 108
	EQ  reduce 108
	NEQ  reduce 108
	AND  reduce 108
	OR  reduce 108
	FORCE  reduce 108
	IS  reduce 108
	ASSIGN  reduce 108
	PLUSASSIGN  reduce 108
	MINUSASSIGN  reduce 108
	TIMESASSIGN  reduce 108
	DIVIDEASSIGN  reduce 108
	MODASSIGN  reduce 108
	SEMI  reduce 108
	COMMA  reduce 108
	PERIOD  reduce 108


state 56
	block : LBRACE stmts . RBRACE  (30)

	RBRACE  shift 124
	.  error


state 57
	stmt : expr . SEMI  (31)
	exprs : expr .  (55)
	exprs : expr . COMMA exprs  (56)

	SEMI  shift 92
	COMMA  shift 118
	RBRACE  reduce 55


state 58
	literal : LBRACE exprs . RBRACE  (114)

	RBRACE  shift 125
	.  error


state 59
	literal : LBRACE key_val_exprs . RBRACE  (115)

	RBRACE  shift 126
	.  error


state 60
	pre_expr : MINUS post_expr .  (62)
	post_expr : post_expr . brack_exprs  (89)
	post_expr : post_expr . paren_tuple_exprs  (90)
	post_expr : post_expr . LPAREN RPAREN  (91)
	post_expr : post_expr . LPAREN exprs RPAREN  (92)
	post_expr : post_expr . PERIOD ID LPAREN RPAREN  (93)
	post_expr : post_expr . PERIOD ID LPAREN exprs RPAREN  (94)
	post_expr : post_expr . INCREMENT  (95)
	post_expr : post_expr . DECREMENT  (96)
	post_expr : post_expr . FORCE  (97)

	LPAREN  shift 82
	LBRACK  shift 83
	INCREMENT  shift 84
	DECREMENT  shift 85
	FORCE  shift 86
	PERIOD  shift 87
	RPAREN  reduce 62
	LBRACE  reduce 62
	RBRACE  reduce 62
	RBRACK  reduce 62
	PLUS  reduce 62
	MINUS  reduce 62
	TIMES  reduce 62
	DIVIDE  reduce 62
	MOD  reduce 62
	LT  reduce 62
	GT  reduce 62
	LEQ  reduce 62
	GEQ  reduce 62
	EQ  reduce 62
	NEQ  reduce 62
	AND  reduce 62
	OR  reduce 62
	IS  reduce 62
	ASSIGN  reduce 62
	PLUSASSIGN  reduce 62
	MINUSASSIGN  reduce 62
	TIMESASSIGN  reduce 62
	DIVIDEASSIGN  reduce 62
	MODASSIGN  reduce 62
	SEMI  reduce 62
	COLON  reduce 62
	COMMA  reduce 62

	brack_exprs  goto 88
	paren_tuple_exprs  goto 89


state 61
	pre_expr : INCREMENT post_expr .  (60)
	post_expr : post_expr . brack_exprs  (89)
	post_expr : post_expr . paren_tuple_exprs  (90)
	post_expr : post_expr . LPAREN RPAREN  (91)
	post_expr : post_expr . LPAREN exprs RPAREN  (92)
	post_expr : post_expr . PERIOD ID LPAREN RPAREN  (93)
	post_expr : post_expr . PERIOD ID LPAREN exprs RPAREN  (94)
	post_expr : post_expr . INCREMENT  (95)
	post_expr : post_expr . DECREMENT  (96)
	post_expr : post_expr . FORCE  (97)

	LPAREN  shift 82
	LBRACK  shift 83
	INCREMENT  shift 84
	DECREMENT  shift 85
	FORCE  shift 86
	PERIOD  shift 87
	RPAREN  reduce 60
	LBRACE  reduce 60
	RBRACE  reduce 60
	RBRACK  reduce 60
	PLUS  reduce 60
	MINUS  reduce 60
	TIMES  reduce 60
	DIVIDE  reduce 60
	MOD  reduce 60
	LT  reduce 60
	GT  reduce 60
	LEQ  reduce 60
	GEQ  reduce 60
	EQ  reduce 60
	NEQ  reduce 60
	AND  reduce 60
	OR  reduce 60
	IS  reduce 60
	ASSIGN  reduce 60
	PLUSASSIGN  reduce 60
	MINUSASSIGN  reduce 60
	TIMESASSIGN  reduce 60
	DIVIDEASSIGN  reduce 60
	MODASSIGN  reduce 60
	SEMI  reduce 60
	COLON  reduce 60
	COMMA  reduce 60

	brack_exprs  goto 88
	paren_tuple_exprs  goto 89


state 62
	pre_expr : DECREMENT post_expr .  (59)
	post_expr : post_expr . brack_exprs  (89)
	post_expr : post_expr . paren_tuple_exprs  (90)
	post_expr : post_expr . LPAREN RPAREN  (91)
	post_expr : post_expr . LPAREN exprs RPAREN  (92)
	post_expr : post_expr . PERIOD ID LPAREN RPAREN  (93)
	post_expr : post_expr . PERIOD ID LPAREN exprs RPAREN  (94)
	post_expr : post_expr . INCREMENT  (95)
	post_expr : post_expr . DECREMENT  (96)
	post_expr : post_expr . FORCE  (97)

	LPAREN  shift 82
	LBRACK  shift 83
	INCREMENT  shift 84
	DECREMENT  shift 85
	FORCE  shift 86
	PERIOD  shift 87
	RPAREN  reduce 59
	LBRACE  reduce 59
	RBRACE  reduce 59
	RBRACK  reduce 59
	PLUS  reduce 59
	MINUS  reduce 59
	TIMES  reduce 59
	DIVIDE  reduce 59
	MOD  reduce 59
	LT  reduce 59
	GT  reduce 59
	LEQ  reduce 59
	GEQ  reduce 59
	EQ  reduce 59
	NEQ  reduce 59
	AND  reduce 59
	OR  reduce 59
	IS  reduce 59
	ASSIGN  reduce 59
	PLUSASSIGN  reduce 59
	MINUSASSIGN  reduce 59
	TIMESASSIGN  reduce 59
	DIVIDEASSIGN  reduce 59
	MODASSIGN  reduce 59
	SEMI  reduce 59
	COLON  reduce 59
	COMMA  reduce 59

	brack_exprs  goto 88
	paren_tuple_exprs  goto 89


state 63
	pre_expr : FORCE post_expr .  (61)
	post_expr : post_expr . brack_exprs  (89)
	post_expr : post_expr . paren_tuple_exprs  (90)
	post_expr : post_expr . LPAREN RPAREN  (91)
	post_expr : post_expr . LPAREN exprs RPAREN  (92)
	post_expr : post_expr . PERIOD ID LPAREN RPAREN  (93)
	post_expr : post_expr . PERIOD ID LPAREN exprs RPAREN  (94)
	post_expr : post_expr . INCREMENT  (95)
	post_expr : post_expr . DECREMENT  (96)
	post_expr : post_expr . FORCE  (97)

	LPAREN  shift 82
	LBRACK  shift 83
	INCREMENT  shift 84
	DECREMENT  shift 85
	FORCE  shift 86
	PERIOD  shift 87
	RPAREN  reduce 61
	LBRACE  reduce 61
	RBRACE  reduce 61
	RBRACK  reduce 61
	PLUS  reduce 61
	MINUS  reduce 61
	TIMES  reduce 61
	DIVIDE  reduce 61
	MOD  reduce 61
	LT  reduce 61
	GT  reduce 61
	LEQ  reduce 61
	GEQ  reduce 61
	EQ  reduce 61
	NEQ  reduce 61
	AND  reduce 61
	OR  reduce 61
	IS  reduce 61
	ASSIGN  reduce 61
	PLUSASSIGN  reduce 61
	MINUSASSIGN  reduce 61
	TIMESASSIGN  reduce 61
	DIVIDEASSIGN  reduce 61
	MODASSIGN  reduce 61
	SEMI  reduce 61
	COLON  reduce 61
	COMMA  reduce 61

	brack_exprs  goto 88
	paren_tuple_exprs  goto 89


state 64
	fxn : FUN ID . LPAREN params RPAREN block  (13)

	LPAREN  shift 127
	.  error


state 65
	typ : TYPE ID . ASSIGN LBRACE parts RBRACE sub_typs  (19)
	typ : TYPE ID . ASSIGN sub_typs  (20)

	ASSIGN  shift 128
	.  error


state 66
	import : IMPORT STRING .  (10)

	.  reduce 10


state 67
	stmt : PRINT expr . SEMI  (33)

	SEMI  shift 129
	.  error


state 68
	stmt : RAISE expr . SEMI  (35)

	SEMI  shift 130
	.  error


state 69
	stmt : BREAK SEMI .  (36)

	.  reduce 36


state 70
	stmt : RETURN expr . SEMI  (34)

	SEMI  shift 131
	.  error


state 71
	stmt : TRY block . CATCH expr block  (42)

	CATCH  shift 132
	.  error


state 72
	expr : TRY pre_expr . bin_exprs COLON expr  (57)
	bin_exprs : .  (64)

	PLUS  shift 93
	MINUS  shift 94
	TIMES  shift 95
	DIVIDE  shift 96
	MOD  shift 97
	LT  shift 98
	GT  shift 99
	LEQ  shift 100
	GEQ  shift 101
	EQ  shift 102
	NEQ  shift 103
	AND  shift 104
	OR  shift 105
	IS  shift 106
	ASSIGN  shift 107
	PLUSASSIGN  shift 108
	MINUSASSIGN  shift 109
	TIMESASSIGN  shift 110
	DIVIDEASSIGN  shift 111
	MODASSIGN  shift 112
	COLON  reduce 64

	bin_exprs  goto 133
	bin_expr  goto 114


state 73
	stmt : IF LPAREN . expr RPAREN block  (43)
	stmt : IF LPAREN . expr RPAREN block else_stmt  (44)

	LPAREN  shift 3
	LBRACE  shift 47
	MINUS  shift 5
	INCREMENT  shift 6
	DECREMENT  shift 7
	FORCE  shift 8
	TRY  shift 48
	UNDER  shift 22
	STRING  shift 23
	INT  shift 24
	DOUBLE  shift 25
	CHAR  shift 26
	BOOL  shift 27
	ID  shift 28
	OPTID  shift 29
	.  error

	post_expr  goto 40
	expr  goto 134
	pre_expr  goto 44
	opt_typ  goto 45
	literal  goto 46


state 74
	stmt : FOR LPAREN . expr SEMI expr SEMI expr RPAREN block  (38)
	stmt : FOR LPAREN . post_expr IN expr RPAREN block  (39)
	post_expr : LPAREN . opt_typs RPAREN  (88)
	post_expr : LPAREN . expr RPAREN  (98)
	literal : LPAREN . exprs RPAREN  (116)

	LPAREN  shift 3
	LBRACE  shift 47
	MINUS  shift 5
	INCREMENT  shift 6
	DECREMENT  shift 7
	FORCE  shift 8
	TRY  shift 48
	UNDER  shift 22
	STRING  shift 23
	INT  shift 24
	DOUBLE  shift 25
	CHAR  shift 26
	BOOL  shift 27
	ID  shift 28
	OPTID  shift 29
	.  error

	post_expr  goto 135
	expr  goto 136
	opt_typs  goto 50
	exprs  goto 51
	pre_expr  goto 44
	opt_typ  goto 52
	literal  goto 46


state 75
	stmt : FOR post_expr . IN expr RPAREN block  (40)
	post_expr : post_expr . brack_exprs  (89)
	post_expr : post_expr . paren_tuple_exprs  (90)
	post_expr : post_expr . LPAREN RPAREN  (91)
	post_expr : post_expr . LPAREN exprs RPAREN  (92)
	post_expr : post_expr . PERIOD ID LPAREN RPAREN  (93)
	post_expr : post_expr . PERIOD ID LPAREN exprs RPAREN  (94)
	post_expr : post_expr . INCREMENT  (95)
	post_expr : post_expr . DECREMENT  (96)
	post_expr : post_expr . FORCE  (97)

	LPAREN  shift 82
	LBRACK  shift 83
	INCREMENT  shift 84
	DECREMENT  shift 85
	FORCE  shift 86
	IN  shift 137
	PERIOD  shift 87
	.  error

	brack_exprs  goto 88
	paren_tuple_exprs  goto 89


state 76
	stmt : WHILE LPAREN . expr RPAREN block  (37)

	LPAREN  shift 3
	LBRACE  shift 47
	MINUS  shift 5
	INCREMENT  shift 6
	DECREMENT  shift 7
	FORCE  shift 8
	TRY  shift 48
	UNDER  shift 22
	STRING  shift 23
	INT  shift 24
	DOUBLE  shift 25
	CHAR  shift 26
	BOOL  shift 27
	ID  shift 28
	OPTID  shift 29
	.  error

	post_expr  goto 40
	expr  goto 138
	pre_expr  goto 44
	opt_typ  goto 45
	literal  goto 46


state 77
	stmt : MATCH LPAREN . expr RPAREN LBRACE match_conditions RBRACE  (41)

	LPAREN  shift 3
	LBRACE  shift 47
	MINUS  shift 5
	INCREMENT  shift 6
	DECREMENT  shift 7
	FORCE  shift 8
	TRY  shift 48
	UNDER  shift 22
	STRING  shift 23
	INT  shift 24
	DOUBLE  shift 25
	CHAR  shift 26
	BOOL  shift 27
	ID  shift 28
	OPTID  shift 29
	.  error

	post_expr  goto 40
	expr  goto 139
	pre_expr  goto 44
	opt_typ  goto 45
	literal  goto 46


state 78
	program : parts EOF .  (1)

	.  reduce 1


state 79
	parts : part parts .  (3)

	.  reduce 3


state 80
	imports : import imports .  (9)

	.  reduce 9


state 81
	fxns : fxn fxns .  (12)

	.  reduce 12


state 82
	post_expr : post_expr LPAREN . RPAREN  (91)
	post_expr : post_expr LPAREN . exprs RPAREN  (92)

	LPAREN  shift 3
	RPAREN  shift 140
	LBRACE  shift 47
	MINUS  shift 5
	INCREMENT  shift 6
	DECREMENT  shift 7
	FORCE  shift 8
	TRY  shift 48
	UNDER  shift 22
	STRING  shift 23
	INT  shift 24
	DOUBLE  shift 25
	CHAR  shift 26
	BOOL  shift 27
	ID  shift 28
	OPTID  shift 29
	.  error

	post_expr  goto 40
	expr  goto 116
	exprs  goto 141
	pre_expr  goto 44
	opt_typ  goto 45
	literal  goto 46


state 83
	brack_exprs : LBRACK . expr RBRACK  (104)
	brack_exprs : LBRACK . expr RBRACK brack_exprs  (105)

	LPAREN  shift 3
	LBRACE  shift 47
	MINUS  shift 5
	INCREMENT  shift 6
	DECREMENT  shift 7
	FORCE  shift 8
	TRY  shift 48
	UNDER  shift 22
	STRING  shift 23
	INT  shift 24
	DOUBLE  shift 25
	CHAR  shift 26
	BOOL  shift 27
	ID  shift 28
	OPTID  shift 29
	.  error

	post_expr  goto 40
	expr  goto 142
	pre_expr  goto 44
	opt_typ  goto 45
	literal  goto 46


state 84
	post_expr : post_expr INCREMENT .  (95)

	.  reduce 95


state 85
	post_expr : post_expr DECREMENT .  (96)

	.  reduce 96


state 86
	post_expr : post_expr FORCE .  (97)

	.  reduce 97


state 87
	post_expr : post_expr PERIOD . ID LPAREN RPAREN  (93)
	post_expr : post_expr PERIOD . ID LPAREN exprs RPAREN  (94)
	paren_tuple_exprs : PERIOD . LPAREN expr RPAREN  (106)
	paren_tuple_exprs : PERIOD . LPAREN expr RPAREN paren_tuple_exprs  (107)

	LPAREN  shift 143
	ID  shift 144
	.  error


state 88
	post_expr : post_expr brack_exprs .  (89)

	.  reduce 89


state 89
	post_expr : post_expr paren_tuple_exprs .  (90)

	.  reduce 90


state 90
	typs : typ typs .  (18)

	.  reduce 18


state 91
	stmts : stmt stmts .  (28)

	.  reduce 28


state 92
	stmt : expr SEMI .  (31)

	.  reduce 31


state 93
	bin_expr : PLUS . pre_expr  (66)

	LPAREN  shift 3
	LBRACE  shift 47
	MINUS  shift 5
	INCREMENT  shift 6
	DECREMENT  shift 7
	FORCE  shift 8
	UNDER  shift 22
	STRING  shift 23
	INT  shift 24
	DOUBLE  shift 25
	CHAR  shift 26
	BOOL  shift 27
	ID  shift 28
	OPTID  shift 29
	.  error

	post_expr  goto 40
	pre_expr  goto 145
	opt_typ  goto 45
	literal  goto 46


state 94
	bin_expr : MINUS . pre_expr  (67)

	LPAREN  shift 3
	LBRACE  shift 47
	MINUS  shift 5
	INCREMENT  shift 6
	DECREMENT  shift 7
	FORCE  shift 8
	UNDER  shift 22
	STRING  shift 23
	INT  shift 24
	DOUBLE  shift 25
	CHAR  shift 26
	BOOL  shift 27
	ID  shift 28
	OPTID  shift 29
	.  error

	post_expr  goto 40
	pre_expr  goto 146
	opt_typ  goto 45
	literal  goto 46


state 95
	bin_expr : TIMES . pre_expr  (68)

	LPAREN  shift 3
	LBRACE  shift 47
	MINUS  shift 5
	INCREMENT  shift 6
	DECREMENT  shift 7
	FORCE  shift 8
	UNDER  shift 22
	STRING  shift 23
	INT  shift 24
	DOUBLE  shift 25
	CHAR  shift 26
	BOOL  shift 27
	ID  shift 28
	OPTID  shift 29
	.  error

	post_expr  goto 40
	pre_expr  goto 147
	opt_typ  goto 45
	literal  goto 46


state 96
	bin_expr : DIVIDE . pre_expr  (69)

	LPAREN  shift 3
	LBRACE  shift 47
	MINUS  shift 5
	INCREMENT  shift 6
	DECREMENT  shift 7
	FORCE  shift 8
	UNDER  shift 22
	STRING  shift 23
	INT  shift 24
	DOUBLE  shift 25
	CHAR  shift 26
	BOOL  shift 27
	ID  shift 28
	OPTID  shift 29
	.  error

	post_expr  goto 40
	pre_expr  goto 148
	opt_typ  goto 45
	literal  goto 46


state 97
	bin_expr : MOD . pre_expr  (70)

	LPAREN  shift 3
	LBRACE  shift 47
	MINUS  shift 5
	INCREMENT  shift 6
	DECREMENT  shift 7
	FORCE  shift 8
	UNDER  shift 22
	STRING  shift 23
	INT  shift 24
	DOUBLE  shift 25
	CHAR  shift 26
	BOOL  shift 27
	ID  shift 28
	OPTID  shift 29
	.  error

	post_expr  goto 40
	pre_expr  goto 149
	opt_typ  goto 45
	literal  goto 46


state 98
	bin_expr : LT . pre_expr  (73)

	LPAREN  shift 3
	LBRACE  shift 47
	MINUS  shift 5
	INCREMENT  shift 6
	DECREMENT  shift 7
	FORCE  shift 8
	UNDER  shift 22
	STRING  shift 23
	INT  shift 24
	DOUBLE  shift 25
	CHAR  shift 26
	BOOL  shift 27
	ID  shift 28
	OPTID  shift 29
	.  error

	post_expr  goto 40
	pre_expr  goto 150
	opt_typ  goto 45
	literal  goto 46


state 99
	bin_expr : GT . pre_expr  (74)

	LPAREN  shift 3
	LBRACE  shift 47
	MINUS  shift 5
	INCREMENT  shift 6
	DECREMENT  shift 7
	FORCE  shift 8
	UNDER  shift 22
	STRING  shift 23
	INT  shift 24
	DOUBLE  shift 25
	CHAR  shift 26
	BOOL  shift 27
	ID  shift 28
	OPTID  shift 29
	.  error

	post_expr  goto 40
	pre_expr  goto 151
	opt_typ  goto 45
	literal  goto 46


state 100
	bin_expr : LEQ . pre_expr  (75)

	LPAREN  shift 3
	LBRACE  shift 47
	MINUS  shift 5
	INCREMENT  shift 6
	DECREMENT  shift 7
	FORCE  shift 8
	UNDER  shift 22
	STRING  shift 23
	INT  shift 24
	DOUBLE  shift 25
	CHAR  shift 26
	BOOL  shift 27
	ID  shift 28
	OPTID  shift 29
	.  error

	post_expr  goto 40
	pre_expr  goto 152
	opt_typ  goto 45
	literal  goto 46


state 101
	bin_expr : GEQ . pre_expr  (76)

	LPAREN  shift 3
	LBRACE  shift 47
	MINUS  shift 5
	INCREMENT  shift 6
	DECREMENT  shift 7
	FORCE  shift 8
	UNDER  shift 22
	STRING  shift 23
	INT  shift 24
	DOUBLE  shift 25
	CHAR  shift 26
	BOOL  shift 27
	ID  shift 28
	OPTID  shift 29
	.  error

	post_expr  goto 40
	pre_expr  goto 153
	opt_typ  goto 45
	literal  goto 46


state 102
	bin_expr : EQ . pre_expr  (77)

	LPAREN  shift 3
	LBRACE  shift 47
	MINUS  shift 5
	INCREMENT  shift 6
	DECREMENT  shift 7
	FORCE  shift 8
	UNDER  shift 22
	STRING  shift 23
	INT  shift 24
	DOUBLE  shift 25
	CHAR  shift 26
	BOOL  shift 27
	ID  shift 28
	OPTID  shift 29
	.  error

	post_expr  goto 40
	pre_expr  goto 154
	opt_typ  goto 45
	literal  goto 46


state 103
	bin_expr : NEQ . pre_expr  (78)

	LPAREN  shift 3
	LBRACE  shift 47
	MINUS  shift 5
	INCREMENT  shift 6
	DECREMENT  shift 7
	FORCE  shift 8
	UNDER  shift 22
	STRING  shift 23
	INT  shift 24
	DOUBLE  shift 25
	CHAR  shift 26
	BOOL  shift 27
	ID  shift 28
	OPTID  shift 29
	.  error

	post_expr  goto 40
	pre_expr  goto 155
	opt_typ  goto 45
	literal  goto 46


state 104
	bin_expr : AND . pre_expr  (71)

	LPAREN  shift 3
	LBRACE  shift 47
	MINUS  shift 5
	INCREMENT  shift 6
	DECREMENT  shift 7
	FORCE  shift 8
	UNDER  shift 22
	STRING  shift 23
	INT  shift 24
	DOUBLE  shift 25
	CHAR  shift 26
	BOOL  shift 27
	ID  shift 28
	OPTID  shift 29
	.  error

	post_expr  goto 40
	pre_expr  goto 156
	opt_typ  goto 45
	literal  goto 46


state 105
	bin_expr : OR . pre_expr  (72)

	LPAREN  shift 3
	LBRACE  shift 47
	MINUS  shift 5
	INCREMENT  shift 6
	DECREMENT  shift 7
	FORCE  shift 8
	UNDER  shift 22
	STRING  shift 23
	INT  shift 24
	DOUBLE  shift 25
	CHAR  shift 26
	BOOL  shift 27
	ID  shift 28
	OPTID  shift 29
	.  error

	post_expr  goto 40
	pre_expr  goto 157
	opt_typ  goto 45
	literal  goto 46


state 106
	bin_expr : IS . pre_expr  (79)

	LPAREN  shift 3
	LBRACE  shift 47
	MINUS  shift 5
	INCREMENT  shift 6
	DECREMENT  shift 7
	FORCE  shift 8
	UNDER  shift 22
	STRING  shift 23
	INT  shift 24
	DOUBLE  shift 25
	CHAR  shift 26
	BOOL  shift 27
	ID  shift 28
	OPTID  shift 29
	.  error

	post_expr  goto 40
	pre_expr  goto 158
	opt_typ  goto 45
	literal  goto 46


state 107
	bin_expr : ASSIGN . pre_expr  (80)

	LPAREN  shift 3
	LBRACE  shift 47
	MINUS  shift 5
	INCREMENT  shift 6
	DECREMENT  shift 7
	FORCE  shift 8
	UNDER  shift 22
	STRING  shift 23
	INT  shift 24
	DOUBLE  shift 25
	CHAR  shift 26
	BOOL  shift 27
	ID  shift 28
	OPTID  shift 29
	.  error

	post_expr  goto 40
	pre_expr  goto 159
	opt_typ  goto 45
	literal  goto 46


state 108
	bin_expr : PLUSASSIGN . pre_expr  (81)

	LPAREN  shift 3
	LBRACE  shift 47
	MINUS  shift 5
	INCREMENT  shift 6
	DECREMENT  shift 7
	FORCE  shift 8
	UNDER  shift 22
	STRING  shift 23
	INT  shift 24
	DOUBLE  shift 25
	CHAR  shift 26
	BOOL  shift 27
	ID  shift 28
	OPTID  shift 29
	.  error

	post_expr  goto 40
	pre_expr  goto 160
	opt_typ  goto 45
	literal  goto 46


state 109
	bin_expr : MINUSASSIGN . pre_expr  (82)

	LPAREN  shift 3
	LBRACE  shift 47
	MINUS  shift 5
	INCREMENT  shift 6
	DECREMENT  shift 7
	FORCE  shift 8
	UNDER  shift 22
	STRING  shift 23
	INT  shift 24
	DOUBLE  shift 25
	CHAR  shift 26
	BOOL  shift 27
	ID  shift 28
	OPTID  shift 29
	.  error

	post_expr  goto 40
	pre_expr  goto 161
	opt_typ  goto 45
	literal  goto 46


state 110
	bin_expr : TIMESASSIGN . pre_expr  (83)

	LPAREN  shift 3
	LBRACE  shift 47
	MINUS  shift 5
	INCREMENT  shift 6
	DECREMENT  shift 7
	FORCE  shift 8
	UNDER  shift 22
	STRING  shift 23
	INT  shift 24
	DOUBLE  shift 25
	CHAR  shift 26
	BOOL  shift 27
	ID  shift 28
	OPTID  shift 29
	.  error

	post_expr  goto 40
	pre_expr  goto 162
	opt_typ  goto 45
	literal  goto 46


state 111
	bin_expr : DIVIDEASSIGN . pre_expr  (84)

	LPAREN  shift 3
	LBRACE  shift 47
	MINUS  shift 5
	INCREMENT  shift 6
	DECREMENT  shift 7
	FORCE  shift 8
	UNDER  shift 22
	STRING  shift 23
	INT  shift 24
	DOUBLE  shift 25
	CHAR  shift 26
	BOOL  shift 27
	ID  shift 28
	OPTID  shift 29
	.  error

	post_expr  goto 40
	pre_expr  goto 163
	opt_typ  goto 45
	literal  goto 46


state 112
	bin_expr : MODASSIGN . pre_expr  (85)

	LPAREN  shift 3
	LBRACE  shift 47
	MINUS  shift 5
	INCREMENT  shift 6
	DECREMENT  shift 7
	FORCE  shift 8
	UNDER  shift 22
	STRING  shift 23
	INT  shift 24
	DOUBLE  shift 25
	CHAR  shift 26
	BOOL  shift 27
	ID  shift 28
	OPTID  shift 29
	.  error

	post_expr  goto 40
	pre_expr  goto 164
	opt_typ  goto 45
	literal  goto 46


state 113
	expr : pre_expr bin_exprs .  (58)

	.  reduce 58


state 114
	bin_exprs : bin_expr . bin_exprs  (65)
	bin_exprs : .  (64)

	PLUS  shift 93
	MINUS  shift 94
	TIMES  shift 95
	DIVIDE  shift 96
	MOD  shift 97
	LT  shift 98
	GT  shift 99
	LEQ  shift 100
	GEQ  shift 101
	EQ  shift 102
	NEQ  shift 103
	AND  shift 104
	OR  shift 105
	IS  shift 106
	ASSIGN  shift 107
	PLUSASSIGN  shift 108
	MINUSASSIGN  shift 109
	TIMESASSIGN  shift 110
	DIVIDEASSIGN  shift 111
	MODASSIGN  shift 112
	RPAREN  reduce 64
	LBRACE  reduce 64
	RBRACE  reduce 64
	RBRACK  reduce 64
	SEMI  reduce 64
	COLON  reduce 64
	COMMA  reduce 64

	bin_exprs  goto 165
	bin_expr  goto 114


state 115
	literal : LBRACE RBRACE .  (113)

	.  reduce 113


state 116
	exprs : expr .  (55)
	exprs : expr . COMMA exprs  (56)

	COMMA  shift 118
	RPAREN  reduce 55
	RBRACE  reduce 55


state 117
	post_expr : LPAREN expr RPAREN .  (98)

	.  reduce 98


state 118
	exprs : expr COMMA . exprs  (56)

	LPAREN  shift 3
	LBRACE  shift 47
	MINUS  shift 5
	INCREMENT  shift 6
	DECREMENT  shift 7
	FORCE  shift 8
	TRY  shift 48
	UNDER  shift 22
	STRING  shift 23
	INT  shift 24
	DOUBLE  shift 25
	CHAR  shift 26
	BOOL  shift 27
	ID  shift 28
	OPTID  shift 29
	.  error

	post_expr  goto 40
	expr  goto 116
	exprs  goto 166
	pre_expr  goto 44
	opt_typ  goto 45
	literal  goto 46


state 119
	post_expr : LPAREN opt_typs RPAREN .  (88)

	.  reduce 88


state 120
	literal : LPAREN exprs RPAREN .  (116)

	.  reduce 116


state 121
	opt_typs : opt_typ COMMA . opt_typ  (102)
	opt_typs : opt_typ COMMA . opt_typs  (103)

	UNDER  shift 22
	ID  shift 28
	OPTID  shift 29
	.  error

	opt_typs  goto 167
	opt_typ  goto 168


state 122
	key_val_exprs : STRING COLON . expr  (118)
	key_val_exprs : STRING COLON . expr COMMA key_val_exprs  (120)

	LPAREN  shift 3
	LBRACE  shift 47
	MINUS  shift 5
	INCREMENT  shift 6
	DECREMENT  shift 7
	FORCE  shift 8
	TRY  shift 48
	UNDER  shift 22
	STRING  shift 23
	INT  shift 24
	DOUBLE  shift 25
	CHAR  shift 26
	BOOL  shift 27
	ID  shift 28
	OPTID  shift 29
	.  error

	post_expr  goto 40
	expr  goto 169
	pre_expr  goto 44
	opt_typ  goto 45
	literal  goto 46


state 123
	key_val_exprs : INT COLON . expr  (117)
	key_val_exprs : INT COLON . expr COMMA key_val_exprs  (119)

	LPAREN  shift 3
	LBRACE  shift 47
	MINUS  shift 5
	INCREMENT  shift 6
	DECREMENT  shift 7
	FORCE  shift 8
	TRY  shift 48
	UNDER  shift 22
	STRING  shift 23
	INT  shift 24
	DOUBLE  shift 25
	CHAR  shift 26
	BOOL  shift 27
	ID  shift 28
	OPTID  shift 29
	.  error

	post_expr  goto 40
	expr  goto 170
	pre_expr  goto 44
	opt_typ  goto 45
	literal  goto 46


state 124
	block : LBRACE stmts RBRACE .  (30)

	.  reduce 30


state 125
	literal : LBRACE exprs RBRACE .  (114)

	.  reduce 114


state 126
	literal : LBRACE key_val_exprs RBRACE .  (115)

	.  reduce 115


state 127
	fxn : FUN ID LPAREN . params RPAREN block  (13)
	params : .  (14)

	LPAREN  shift 3
	LBRACE  shift 47
	UNDER  shift 22
	STRING  shift 23
	INT  shift 24
	DOUBLE  shift 25
	CHAR  shift 26
	BOOL  shift 27
	ID  shift 28
	OPTID  shift 29
	RPAREN  reduce 14

	params  goto 171
	post_expr  goto 172
	opt_typ  goto 45
	literal  goto 46


state 128
	typ : TYPE ID ASSIGN . LBRACE parts RBRACE sub_typs  (19)
	typ : TYPE ID ASSIGN . sub_typs  (20)

	LBRACE  shift 173
	ID  shift 174
	.  error

	sub_typs  goto 175
	sub_typ  goto 176


state 129
	stmt : PRINT expr SEMI .  (33)

	.  reduce 33


state 130
	stmt : RAISE expr SEMI .  (35)

	.  reduce 35


state 131
	stmt : RETURN expr SEMI .  (34)

	.  reduce 34


state 132
	stmt : TRY block CATCH . expr block  (42)

	LPAREN  shift 3
	LBRACE  shift 47
	MINUS  shift 5
	INCREMENT  shift 6
	DECREMENT  shift 7
	FORCE  shift 8
	TRY  shift 48
	UNDER  shift 22
	STRING  shift 23
	INT  shift 24
	DOUBLE  shift 25
	CHAR  shift 26
	BOOL  shift 27
	ID  shift 28
	OPTID  shift 29
	.  error

	post_expr  goto 40
	expr  goto 177
	pre_expr  goto 44
	opt_typ  goto 45
	literal  goto 46


state 133
	expr : TRY pre_expr bin_exprs . COLON expr  (57)

	COLON  shift 178
	.  error


state 134
	stmt : IF LPAREN expr . RPAREN block  (43)
	stmt : IF LPAREN expr . RPAREN block else_stmt  (44)

	RPAREN  shift 179
	.  error


state 135
	stmt : FOR LPAREN post_expr . IN expr RPAREN block  (39)
	pre_expr : post_expr .  (63)
	post_expr : post_expr . brack_exprs  (89)
	post_expr : post_expr . paren_tuple_exprs  (90)
	post_expr : post_expr . LPAREN RPAREN  (91)
	post_expr : post_expr . LPAREN exprs RPAREN  (92)
	post_expr : post_expr . PERIOD ID LPAREN RPAREN  (93)
	post_expr : post_expr . PERIOD ID LPAREN exprs RPAREN  (94)
	post_expr : post_expr . INCREMENT  (95)
	post_expr : post_expr . DECREMENT  (96)
	post_expr : post_expr . FORCE  (97)

	LPAREN  shift 82
	LBRACK  shift 83
	INCREMENT  shift 84
	DECREMENT  shift 85
	FORCE  shift 86
	IN  shift 180
	PERIOD  shift 87
	RPAREN  reduce 63
	PLUS  reduce 63
	MINUS  reduce 63
	TIMES  reduce 63
	DIVIDE  reduce 63
	MOD  reduce 63
	LT  reduce 63
	GT  reduce 63
	LEQ  reduce 63
	GEQ  reduce 63
	EQ  reduce 63
	NEQ  reduce 63
	AND  reduce 63
	OR  reduce 63
	IS  reduce 63
	ASSIGN  reduce 63
	PLUSASSIGN  reduce 63
	MINUSASSIGN  reduce 63
	TIMESASSIGN  reduce 63
	DIVIDEASSIGN  reduce 63
	MODASSIGN  reduce 63
	SEMI  reduce 63
	COMMA  reduce 63

	brack_exprs  goto 88
	paren_tuple_exprs  goto 89


state 136
	stmt : FOR LPAREN expr . SEMI expr SEMI expr RPAREN block  (38)
	exprs : expr .  (55)
	exprs : expr . COMMA exprs  (56)
	post_expr : LPAREN expr . RPAREN  (98)

	RPAREN  shift 117
	SEMI  shift 181
	COMMA  shift 118
	.  error


state 137
	stmt : FOR post_expr IN . expr RPAREN block  (40)

	LPAREN  shift 3
	LBRACE  shift 47
	MINUS  shift 5
	INCREMENT  shift 6
	DECREMENT  shift 7
	FORCE  shift 8
	TRY  shift 48
	UNDER  shift 22
	STRING  shift 23
	INT  shift 24
	DOUBLE  shift 25
	CHAR  shift 26
	BOOL  shift 27
	ID  shift 28
	OPTID  shift 29
	.  error

	post_expr  goto 40
	expr  goto 182
	pre_expr  goto 44
	opt_typ  goto 45
	literal  goto 46


state 138
	stmt : WHILE LPAREN expr . RPAREN block  (37)

	RPAREN  shift 183
	.  error


state 139
	stmt : MATCH LPAREN expr . RPAREN LBRACE match_conditions RBRACE  (41)

	RPAREN  shift 184
	.  error


state 140
	post_expr : post_expr LPAREN RPAREN .  (91)

	.  reduce 91


state 141
	post_expr : post_expr LPAREN exprs . RPAREN  (92)

	RPAREN  shift 185
	.  error


state 142
	brack_exprs : LBRACK expr . RBRACK  (104)
	brack_exprs : LBRACK expr . RBRACK brack_exprs  (105)

	RBRACK  shift 186
	.  error


state 143
	paren_tuple_exprs : PERIOD LPAREN . expr RPAREN  (106)
	paren_tuple_exprs : PERIOD LPAREN . expr RPAREN paren_tuple_exprs  (107)

	LPAREN  shift 3
	LBRACE  shift 47
	MINUS  shift 5
	INCREMENT  shift 6
	DECREMENT  shift 7
	FORCE  shift 8
	TRY  shift 48
	UNDER  shift 22
	STRING  shift 23
	INT  shift 24
	DOUBLE  shift 25
	CHAR  shift 26
	BOOL  shift 27
	ID  shift 28
	OPTID  shift 29
	.  error

	post_expr  goto 40
	expr  goto 187
	pre_expr  goto 44
	opt_typ  goto 45
	literal  goto 46


state 144
	post_expr : post_expr PERIOD ID . LPAREN RPAREN  (93)
	post_expr : post_expr PERIOD ID . LPAREN exprs RPAREN  (94)

	LPAREN  shift 188
	.  error


state 145
	bin_expr : PLUS pre_expr .  (66)

	.  reduce 66


state 146
	bin_expr : MINUS pre_expr .  (67)

	.  reduce 67


state 147
	bin_expr : TIMES pre_expr .  (68)

	.  reduce 68


state 148
	bin_expr : DIVIDE pre_expr .  (69)

	.  reduce 69


state 149
	bin_expr : MOD pre_expr .  (70)

	.  reduce 70


state 150
	bin_expr : LT pre_expr .  (73)

	.  reduce 73


state 151
	bin_expr : GT pre_expr .  (74)

	.  reduce 74


state 152
	bin_expr : LEQ pre_expr .  (75)

	.  reduce 75


state 153
	bin_expr : GEQ pre_expr .  (76)

	.  reduce 76


state 154
	bin_expr : EQ pre_expr .  (77)

	.  reduce 77


state 155
	bin_expr : NEQ pre_expr .  (78)

	.  reduce 78


state 156
	bin_expr : AND pre_expr .  (71)

	.  reduce 71


state 157
	bin_expr : OR pre_expr .  (72)

	.  reduce 72


state 158
	bin_expr : IS pre_expr .  (79)

	.  reduce 79


state 159
	bin_expr : ASSIGN pre_expr .  (80)

	.  reduce 80


state 160
	bin_expr : PLUSASSIGN pre_expr .  (81)

	.  reduce 81


state 161
	bin_expr : MINUSASSIGN pre_expr .  (82)

	.  reduce 82


state 162
	bin_expr : TIMESASSIGN pre_expr .  (83)

	.  reduce 83


state 163
	bin_expr : DIVIDEASSIGN pre_expr .  (84)

	.  reduce 84


state 164
	bin_expr : MODASSIGN pre_expr .  (85)

	.  reduce 85


state 165
	bin_exprs : bin_expr bin_exprs .  (65)

	.  reduce 65


state 166
	exprs : expr COMMA exprs .  (56)

	.  reduce 56


state 167
	opt_typs : opt_typ COMMA opt_typs .  (103)

	.  reduce 103


state 168
	opt_typs : opt_typ . COMMA opt_typ  (102)
	opt_typs : opt_typ COMMA opt_typ .  (102)
	opt_typs : opt_typ . COMMA opt_typs  (103)

	COMMA  shift 121
	RPAREN  reduce 102


state 169
	key_val_exprs : STRING COLON expr .  (118)
	key_val_exprs : STRING COLON expr . COMMA key_val_exprs  (120)

	COMMA  shift 189
	RBRACE  reduce 118


state 170
	key_val_exprs : INT COLON expr .  (117)
	key_val_exprs : INT COLON expr . COMMA key_val_exprs  (119)

	COMMA  shift 190
	RBRACE  reduce 117


state 171
	fxn : FUN ID LPAREN params . RPAREN block  (13)

	RPAREN  shift 191
	.  error


state 172
	params : post_expr .  (15)
	params : post_expr . COMMA params  (16)
	post_expr : post_expr . brack_exprs  (89)
	post_expr : post_expr . paren_tuple_exprs  (90)
	post_expr : post_expr . LPAREN RPAREN  (91)
	post_expr : post_expr . LPAREN exprs RPAREN  (92)
	post_expr : post_expr . PERIOD ID LPAREN RPAREN  (93)
	post_expr : post_expr . PERIOD ID LPAREN exprs RPAREN  (94)
	post_expr : post_expr . INCREMENT  (95)
	post_expr : post_expr . DECREMENT  (96)
	post_expr : post_expr . FORCE  (97)

	LPAREN  shift 82
	LBRACK  shift 83
	INCREMENT  shift 84
	DECREMENT  shift 85
	FORCE  shift 86
	COMMA  shift 192
	PERIOD  shift 87
	RPAREN  reduce 15

	brack_exprs  goto 88
	paren_tuple_exprs  goto 89


state 173
	typ : TYPE ID ASSIGN LBRACE . parts RBRACE sub_typs  (19)
	parts : .  (2)

	LPAREN  shift 3
	LBRACE  shift 4
	MINUS  shift 5
	INCREMENT  shift 6
	DECREMENT  shift 7
	FORCE  shift 8
	FUN  shift 9
	TYPE  shift 10
	IMPORT  shift 11
	PRINT  shift 12
	RAISE  shift 13
	BREAK  shift 14
	RETURN  shift 15
	TRY  shift 16
	IF  shift 17
	FOR  shift 18
	WHILE  shift 19
	MATCH  shift 20
	SEMI  shift 21
	UNDER  shift 22
	STRING  shift 23
	INT  shift 24
	DOUBLE  shift 25
	CHAR  shift 26
	BOOL  shift 27
	ID  shift 28
	OPTID  shift 29
	RBRACE  reduce 2

	parts  goto 193
	part  goto 32
	imports  goto 33
	fxns  goto 34
	typs  goto 35
	stmts  goto 36
	import  goto 37
	fxn  goto 38
	block  goto 39
	post_expr  goto 40
	typ  goto 41
	stmt  goto 42
	expr  goto 43
	pre_expr  goto 44
	opt_typ  goto 45
	literal  goto 46


state 174
	sub_typ : ID .  (23)
	sub_typ : ID . OF post_expr  (24)
	sub_typ : ID . LBRACE parts RBRACE  (25)
	sub_typ : ID . OF post_expr LBRACE parts RBRACE  (26)

	LBRACE  shift 194
	OF  shift 195
	LPAREN  reduce 23
	RBRACE  reduce 23
	MINUS  reduce 23
	INCREMENT  reduce 23
	DECREMENT  reduce 23
	FORCE  reduce 23
	FUN  reduce 23
	TYPE  reduce 23
	IMPORT  reduce 23
	PRINT  reduce 23
	RAISE  reduce 23
	BREAK  reduce 23
	RETURN  reduce 23
	TRY  reduce 23
	IF  reduce 23
	FOR  reduce 23
	WHILE  reduce 23
	MATCH  reduce 23
	SEMI  reduce 23
	VERT  reduce 23
	UNDER  reduce 23
	EOF  reduce 23
	STRING  reduce 23
	INT  reduce 23
	DOUBLE  reduce 23
	CHAR  reduce 23
	BOOL  reduce 23
	ID  reduce 23
	OPTID  reduce 23


state 175
	typ : TYPE ID ASSIGN sub_typs .  (20)

	.  reduce 20


state 176
	sub_typs : sub_typ .  (21)
	sub_typs : sub_typ . VERT sub_typs  (22)

	VERT  shift 196
	LPAREN  reduce 21
	LBRACE  reduce 21
	RBRACE  reduce 21
	MINUS  reduce 21
	INCREMENT  reduce 21
	DECREMENT  reduce 21
	FORCE  reduce 21
	FUN  reduce 21
	TYPE  reduce 21
	IMPORT  reduce 21
	PRINT  reduce 21
	RAISE  reduce 21
	BREAK  reduce 21
	RETURN  reduce 21
	TRY  reduce 21
	IF  reduce 21
	FOR  reduce 21
	WHILE  reduce 21
	MATCH  reduce 21
	SEMI  reduce 21
	UNDER  reduce 21
	EOF  reduce 21
	STRING  reduce 21
	INT  reduce 21
	DOUBLE  reduce 21
	CHAR  reduce 21
	BOOL  reduce 21
	ID  reduce 21
	OPTID  reduce 21


state 177
	stmt : TRY block CATCH expr . block  (42)

	LBRACE  shift 197
	.  error

	block  goto 198


state 178
	expr : TRY pre_expr bin_exprs COLON . expr  (57)

	LPAREN  shift 3
	LBRACE  shift 47
	MINUS  shift 5
	INCREMENT  shift 6
	DECREMENT  shift 7
	FORCE  shift 8
	TRY  shift 48
	UNDER  shift 22
	STRING  shift 23
	INT  shift 24
	DOUBLE  shift 25
	CHAR  shift 26
	BOOL  shift 27
	ID  shift 28
	OPTID  shift 29
	.  error

	post_expr  goto 40
	expr  goto 199
	pre_expr  goto 44
	opt_typ  goto 45
	literal  goto 46


state 179
	stmt : IF LPAREN expr RPAREN . block  (43)
	stmt : IF LPAREN expr RPAREN . block else_stmt  (44)

	LBRACE  shift 197
	.  error

	block  goto 200


state 180
	stmt : FOR LPAREN post_expr IN . expr RPAREN block  (39)

	LPAREN  shift 3
	LBRACE  shift 47
	MINUS  shift 5
	INCREMENT  shift 6
	DECREMENT  shift 7
	FORCE  shift 8
	TRY  shift 48
	UNDER  shift 22
	STRING  shift 23
	INT  shift 24
	DOUBLE  shift 25
	CHAR  shift 26
	BOOL  shift 27
	ID  shift 28
	OPTID  shift 29
	.  error

	post_expr  goto 40
	expr  goto 201
	pre_expr  goto 44
	opt_typ  goto 45
	literal  goto 46


state 181
	stmt : FOR LPAREN expr SEMI . expr SEMI expr RPAREN block  (38)

	LPAREN  shift 3
	LBRACE  shift 47
	MINUS  shift 5
	INCREMENT  shift 6
	DECREMENT  shift 7
	FORCE  shift 8
	TRY  shift 48
	UNDER  shift 22
	STRING  shift 23
	INT  shift 24
	DOUBLE  shift 25
	CHAR  shift 26
	BOOL  shift 27
	ID  shift 28
	OPTID  shift 29
	.  error

	post_expr  goto 40
	expr  goto 202
	pre_expr  goto 44
	opt_typ  goto 45
	literal  goto 46


state 182
	stmt : FOR post_expr IN expr . RPAREN block  (40)

	RPAREN  shift 203
	.  error


state 183
	stmt : WHILE LPAREN expr RPAREN . block  (37)

	LBRACE  shift 197
	.  error

	block  goto 204


state 184
	stmt : MATCH LPAREN expr RPAREN . LBRACE match_conditions RBRACE  (41)

	LBRACE  shift 205
	.  error


state 185
	post_expr : post_expr LPAREN exprs RPAREN .  (92)

	.  reduce 92


state 186
	brack_exprs : LBRACK expr RBRACK .  (104)
	brack_exprs : LBRACK expr RBRACK . brack_exprs  (105)

	LBRACK  shift 83
	LPAREN  reduce 104
	RPAREN  reduce 104
	LBRACE  reduce 104
	RBRACE  reduce 104
	RBRACK  reduce 104
	PLUS  reduce 104
	MINUS  reduce 104
	TIMES  reduce 104
	DIVIDE  reduce 104
	MOD  reduce 104
	INCREMENT  reduce 104
	DECREMENT  reduce 104
	LT  reduce 104
	GT  reduce 104
	LEQ  reduce 104
	GEQ  reduce 104
	EQ  reduce 104
	NEQ  reduce 104
	AND  reduce 104
	OR  reduce 104
	FORCE  reduce 104
	IS  reduce 104
	ASSIGN  reduce 104
	PLUSASSIGN  reduce 104
	MINUSASSIGN  reduce 104
	TIMESASSIGN  reduce 104
	DIVIDEASSIGN  reduce 104
	MODASSIGN  reduce 104
	FUN  reduce 104
	TYPE  reduce 104
	IMPORT  reduce 104
	PRINT  reduce 104
	RAISE  reduce 104
	BREAK  reduce 104
	RETURN  reduce 104
	TRY  reduce 104
	IF  reduce 104
	FOR  reduce 104
	WHILE  reduce 104
	IN  reduce 104
	MATCH  reduce 104
	WHEN  reduce 104
	SEMI  reduce 104
	COLON  reduce 104
	COMMA  reduce 104
	PERIOD  reduce 104
	VERT  reduce 104
	UNDER  reduce 104
	EOF  reduce 104
	STRING  reduce 104
	INT  reduce 104
	DOUBLE  reduce 104
	CHAR  reduce 104
	BOOL  reduce 104
	ID  reduce 104
	OPTID  reduce 104

	brack_exprs  goto 206


state 187
	paren_tuple_exprs : PERIOD LPAREN expr . RPAREN  (106)
	paren_tuple_exprs : PERIOD LPAREN expr . RPAREN paren_tuple_exprs  (107)

	RPAREN  shift 207
	.  error


state 188
	post_expr : post_expr PERIOD ID LPAREN . RPAREN  (93)
	post_expr : post_expr PERIOD ID LPAREN . exprs RPAREN  (94)

	LPAREN  shift 3
	RPAREN  shift 208
	LBRACE  shift 47
	MINUS  shift 5
	INCREMENT  shift 6
	DECREMENT  shift 7
	FORCE  shift 8
	TRY  shift 48
	UNDER  shift 22
	STRING  shift 23
	INT  shift 24
	DOUBLE  shift 25
	CHAR  shift 26
	BOOL  shift 27
	ID  shift 28
	OPTID  shift 29
	.  error

	post_expr  goto 40
	expr  goto 116
	exprs  goto 209
	pre_expr  goto 44
	opt_typ  goto 45
	literal  goto 46


state 189
	key_val_exprs : STRING COLON expr COMMA . key_val_exprs  (120)

	STRING  shift 210
	INT  shift 211
	.  error

	key_val_exprs  goto 212


state 190
	key_val_exprs : INT COLON expr COMMA . key_val_exprs  (119)

	STRING  shift 210
	INT  shift 211
	.  error

	key_val_exprs  goto 213


state 191
	fxn : FUN ID LPAREN params RPAREN . block  (13)

	LBRACE  shift 197
	.  error

	block  goto 214


state 192
	params : post_expr COMMA . params  (16)
	params : .  (14)

	LPAREN  shift 3
	LBRACE  shift 47
	UNDER  shift 22
	STRING  shift 23
	INT  shift 24
	DOUBLE  shift 25
	CHAR  shift 26
	BOOL  shift 27
	ID  shift 28
	OPTID  shift 29
	RPAREN  reduce 14

	params  goto 215
	post_expr  goto 172
	opt_typ  goto 45
	literal  goto 46


state 193
	typ : TYPE ID ASSIGN LBRACE parts . RBRACE sub_typs  (19)

	RBRACE  shift 216
	.  error


state 194
	sub_typ : ID LBRACE . parts RBRACE  (25)
	parts : .  (2)

	LPAREN  shift 3
	LBRACE  shift 4
	MINUS  shift 5
	INCREMENT  shift 6
	DECREMENT  shift 7
	FORCE  shift 8
	FUN  shift 9
	TYPE  shift 10
	IMPORT  shift 11
	PRINT  shift 12
	RAISE  shift 13
	BREAK  shift 14
	RETURN  shift 15
	TRY  shift 16
	IF  shift 17
	FOR  shift 18
	WHILE  shift 19
	MATCH  shift 20
	SEMI  shift 21
	UNDER  shift 22
	STRING  shift 23
	INT  shift 24
	DOUBLE  shift 25
	CHAR  shift 26
	BOOL  shift 27
	ID  shift 28
	OPTID  shift 29
	RBRACE  reduce 2

	parts  goto 217
	part  goto 32
	imports  goto 33
	fxns  goto 34
	typs  goto 35
	stmts  goto 36
	import  goto 37
	fxn  goto 38
	block  goto 39
	post_expr  goto 40
	typ  goto 41
	stmt  goto 42
	expr  goto 43
	pre_expr  goto 44
	opt_typ  goto 45
	literal  goto 46


state 195
	sub_typ : ID OF . post_expr  (24)
	sub_typ : ID OF . post_expr LBRACE parts RBRACE  (26)

	LPAREN  shift 3
	LBRACE  shift 47
	UNDER  shift 22
	STRING  shift 23
	INT  shift 24
	DOUBLE  shift 25
	CHAR  shift 26
	BOOL  shift 27
	ID  shift 28
	OPTID  shift 29
	.  error

	post_expr  goto 218
	opt_typ  goto 45
	literal  goto 46


state 196
	sub_typs : sub_typ VERT . sub_typs  (22)

	ID  shift 174
	.  error

	sub_typs  goto 219
	sub_typ  goto 176


state 197
	block : LBRACE . RBRACE  (29)
	block : LBRACE . stmts RBRACE  (30)

	LPAREN  shift 3
	LBRACE  shift 4
	RBRACE  shift 220
	MINUS  shift 5
	INCREMENT  shift 6
	DECREMENT  shift 7
	FORCE  shift 8
	PRINT  shift 12
	RAISE  shift 13
	BREAK  shift 14
	RETURN  shift 15
	TRY  shift 16
	IF  shift 17
	FOR  shift 18
	WHILE  shift 19
	MATCH  shift 20
	SEMI  shift 21
	UNDER  shift 22
	STRING  shift 23
	INT  shift 24
	DOUBLE  shift 25
	CHAR  shift 26
	BOOL  shift 27
	ID  shift 28
	OPTID  shift 29
	.  error

	stmts  goto 56
	block  goto 39
	post_expr  goto 40
	stmt  goto 42
	expr  goto 43
	pre_expr  goto 44
	opt_typ  goto 45
	literal  goto 46


state 198
	stmt : TRY block CATCH expr block .  (42)

	.  reduce 42


state 199
	expr : TRY pre_expr bin_exprs COLON expr .  (57)

	.  reduce 57


state 200
	stmt : IF LPAREN expr RPAREN block .  (43)
	stmt : IF LPAREN expr RPAREN block . else_stmt  (44)

	ELIF  shift 221
	ELSE  shift 222
	LPAREN  reduce 43
	LBRACE  reduce 43
	RBRACE  reduce 43
	MINUS  reduce 43
	INCREMENT  reduce 43
	DECREMENT  reduce 43
	FORCE  reduce 43
	FUN  reduce 43
	TYPE  reduce 43
	IMPORT  reduce 43
	PRINT  reduce 43
	RAISE  reduce 43
	BREAK  reduce 43
	RETURN  reduce 43
	TRY  reduce 43
	IF  reduce 43
	FOR  reduce 43
	WHILE  reduce 43
	MATCH  reduce 43
	SEMI  reduce 43
	UNDER  reduce 43
	EOF  reduce 43
	STRING  reduce 43
	INT  reduce 43
	DOUBLE  reduce 43
	CHAR  reduce 43
	BOOL  reduce 43
	ID  reduce 43
	OPTID  reduce 43

	else_stmt  goto 223


state 201
	stmt : FOR LPAREN post_expr IN expr . RPAREN block  (39)

	RPAREN  shift 224
	.  error


state 202
	stmt : FOR LPAREN expr SEMI expr . SEMI expr RPAREN block  (38)

	SEMI  shift 225
	.  error


state 203
	stmt : FOR post_expr IN expr RPAREN . block  (40)

	LBRACE  shift 197
	.  error

	block  goto 226


state 204
	stmt : WHILE LPAREN expr RPAREN block .  (37)

	.  reduce 37


state 205
	stmt : MATCH LPAREN expr RPAREN LBRACE . match_conditions RBRACE  (41)

	LPAREN  shift 3
	LBRACE  shift 47
	UNDER  shift 22
	STRING  shift 23
	INT  shift 24
	DOUBLE  shift 25
	CHAR  shift 26
	BOOL  shift 27
	ID  shift 28
	OPTID  shift 29
	.  error

	post_expr  goto 227
	match_conditions  goto 228
	match_condition  goto 229
	opt_typ  goto 45
	literal  goto 46


state 206
	brack_exprs : LBRACK expr RBRACK brack_exprs .  (105)

	.  reduce 105


state 207
	paren_tuple_exprs : PERIOD LPAREN expr RPAREN .  (106)
	paren_tuple_exprs : PERIOD LPAREN expr RPAREN . paren_tuple_exprs  (107)

	PERIOD  shift 230
	LPAREN  reduce 106
	RPAREN  reduce 106
	LBRACE  reduce 106
	RBRACE  reduce 106
	LBRACK  reduce 106
	RBRACK  reduce 106
	PLUS  reduce 106
	MINUS  reduce 106
	TIMES  reduce 106
	DIVIDE  reduce 106
	MOD  reduce 106
	INCREMENT  reduce 106
	DECREMENT  reduce 106
	LT  reduce 106
	GT  reduce 106
	LEQ  reduce 106
	GEQ  reduce 106
	EQ  reduce 106
	NEQ  reduce 106
	AND  reduce 106
	OR  reduce 106
	FORCE  reduce 106
	IS  reduce 106
	ASSIGN  reduce 106
	PLUSASSIGN  reduce 106
	MINUSASSIGN  reduce 106
	TIMESASSIGN  reduce 106
	DIVIDEASSIGN  reduce 106
	MODASSIGN  reduce 106
	FUN  reduce 106
	TYPE  reduce 106
	IMPORT  reduce 106
	PRINT  reduce 106
	RAISE  reduce 106
	BREAK  reduce 106
	RETURN  reduce 106
	TRY  reduce 106
	IF  reduce 106
	FOR  reduce 106
	WHILE  reduce 106
	IN  reduce 106
	MATCH  reduce 106
	WHEN  reduce 106
	SEMI  reduce 106
	COLON  reduce 106
	COMMA  reduce 106
	VERT  reduce 106
	UNDER  reduce 106
	EOF  reduce 106
	STRING  reduce 106
	INT  reduce 106
	DOUBLE  reduce 106
	CHAR  reduce 106
	BOOL  reduce 106
	ID  reduce 106
	OPTID  reduce 106

	paren_tuple_exprs  goto 231


state 208
	post_expr : post_expr PERIOD ID LPAREN RPAREN .  (93)

	.  reduce 93


state 209
	post_expr : post_expr PERIOD ID LPAREN exprs . RPAREN  (94)

	RPAREN  shift 232
	.  error


state 210
	key_val_exprs : STRING . COLON expr  (118)
	key_val_exprs : STRING . COLON expr COMMA key_val_exprs  (120)

	COLON  shift 122
	.  error


state 211
	key_val_exprs : INT . COLON expr  (117)
	key_val_exprs : INT . COLON expr COMMA key_val_exprs  (119)

	COLON  shift 123
	.  error


state 212
	key_val_exprs : STRING COLON expr COMMA key_val_exprs .  (120)

	.  reduce 120


state 213
	key_val_exprs : INT COLON expr COMMA key_val_exprs .  (119)

	.  reduce 119


state 214
	fxn : FUN ID LPAREN params RPAREN block .  (13)

	.  reduce 13


state 215
	params : post_expr COMMA params .  (16)

	.  reduce 16


state 216
	typ : TYPE ID ASSIGN LBRACE parts RBRACE . sub_typs  (19)

	ID  shift 174
	.  error

	sub_typs  goto 233
	sub_typ  goto 176


state 217
	sub_typ : ID LBRACE parts . RBRACE  (25)

	RBRACE  shift 234
	.  error


state 218
	sub_typ : ID OF post_expr .  (24)
	sub_typ : ID OF post_expr . LBRACE parts RBRACE  (26)
	post_expr : post_expr . brack_exprs  (89)
	post_expr : post_expr . paren_tuple_exprs  (90)
	post_expr : post_expr . LPAREN RPAREN  (91)
	post_expr : post_expr . LPAREN exprs RPAREN  (92)
	post_expr : post_expr . PERIOD ID LPAREN RPAREN  (93)
	post_expr : post_expr . PERIOD ID LPAREN exprs RPAREN  (94)
	post_expr : post_expr . INCREMENT  (95)
	post_expr : post_expr . DECREMENT  (96)
	post_expr : post_expr . FORCE  (97)

	LBRACK  shift 83
	PERIOD  shift 87
	RBRACE  reduce 24
	MINUS  reduce 24
	FUN  reduce 24
	TYPE  reduce 24
	IMPORT  reduce 24
	PRINT  reduce 24
	RAISE  reduce 24
	BREAK  reduce 24
	RETURN  reduce 24
	TRY  reduce 24
	IF  reduce 24
	FOR  reduce 24
	WHILE  reduce 24
	MATCH  reduce 24
	SEMI  reduce 24
	VERT  reduce 24
	UNDER  reduce 24
	EOF  reduce 24
	STRING  reduce 24
	INT  reduce 24
	DOUBLE  reduce 24
	CHAR  reduce 24
	BOOL  reduce 24
	ID  reduce 24
	OPTID  reduce 24

	brack_exprs  goto 88
	paren_tuple_exprs  goto 89


state 219
	sub_typs : sub_typ VERT sub_typs .  (22)

	.  reduce 22


state 220
	block : LBRACE RBRACE .  (29)

	.  reduce 29


state 221
	else_stmt : ELIF . LPAREN expr RPAREN block  (52)
	else_stmt : ELIF . LPAREN expr RPAREN block else_stmt  (53)

	LPAREN  shift 236
	.  error


state 222
	else_stmt : ELSE . block  (54)

	LBRACE  shift 197
	.  error

	block  goto 237


state 223
	stmt : IF LPAREN expr RPAREN block else_stmt .  (44)

	.  reduce 44


state 224
	stmt : FOR LPAREN post_expr IN expr RPAREN . block  (39)

	LBRACE  shift 197
	.  error

	block  goto 238


state 225
	stmt : FOR LPAREN expr SEMI expr SEMI . expr RPAREN block  (38)

	LPAREN  shift 3
	LBRACE  shift 47
	MINUS  shift 5
	INCREMENT  shift 6
	DECREMENT  shift 7
	FORCE  shift 8
	TRY  shift 48
	UNDER  shift 22
	STRING  shift 23
	INT  shift 24
	DOUBLE  shift 25
	CHAR  shift 26
	BOOL  shift 27
	ID  shift 28
	OPTID  shift 29
	.  error

	post_expr  goto 40
	expr  goto 239
	pre_expr  goto 44
	opt_typ  goto 45
	literal  goto 46


state 226
	stmt : FOR post_expr IN expr RPAREN block .  (40)

	.  reduce 40


state 227
	match_condition : post_expr . LPAREN opt_typs RPAREN  (48)
	match_condition : post_expr .  (49)
	match_condition : post_expr . LPAREN opt_typs RPAREN WHEN expr  (50)
	match_condition : post_expr . WHEN expr  (51)
	post_expr : post_expr . brack_exprs  (89)
	post_expr : post_expr . paren_tuple_exprs  (90)
	post_expr : post_expr . LPAREN RPAREN  (91)
	post_expr : post_expr . LPAREN exprs RPAREN  (92)
	post_expr : post_expr . PERIOD ID LPAREN RPAREN  (93)
	post_expr : post_expr . PERIOD ID LPAREN exprs RPAREN  (94)
	post_expr : post_expr . INCREMENT  (95)
	post_expr : post_expr . DECREMENT  (96)
	post_expr : post_expr . FORCE  (97)

	LPAREN  shift 240
	LBRACK  shift 83
	INCREMENT  shift 84
	DECREMENT  shift 85
	FORCE  shift 86
	WHEN  shift 241
	PERIOD  shift 87
	LBRACE  reduce 49

	brack_exprs  goto 88
	paren_tuple_exprs  goto 89


state 228
	stmt : MATCH LPAREN expr RPAREN LBRACE match_conditions . RBRACE  (41)

	RBRACE  shift 242
	.  error


state 229
	match_conditions : match_condition . block  (46)
	match_conditions : match_condition . block VERT match_conditions  (47)

	LBRACE  shift 197
	.  error

	block  goto 243


state 230
	paren_tuple_exprs : PERIOD . LPAREN expr RPAREN  (106)
	paren_tuple_exprs : PERIOD . LPAREN expr RPAREN paren_tuple_exprs  (107)

	LPAREN  shift 143
	.  error


state 231
	paren_tuple_exprs : PERIOD LPAREN expr RPAREN paren_tuple_exprs .  (107)

	.  reduce 107


state 232
	post_expr : post_expr PERIOD ID LPAREN exprs RPAREN .  (94)

	.  reduce 94


state 233
	typ : TYPE ID ASSIGN LBRACE parts RBRACE sub_typs .  (19)

	.  reduce 19


state 234
	sub_typ : ID LBRACE parts RBRACE .  (25)

	.  reduce 25


state 235
	sub_typ : ID OF post_expr LBRACE . parts RBRACE  (26)
	parts : .  (2)

	LPAREN  shift 3
	LBRACE  shift 4
	MINUS  shift 5
	INCREMENT  shift 6
	DECREMENT  shift 7
	FORCE  shift 8
	FUN  shift 9
	TYPE  shift 10
	IMPORT  shift 11
	PRINT  shift 12
	RAISE  shift 13
	BREAK  shift 14
	RETURN  shift 15
	TRY  shift 16
	IF  shift 17
	FOR  shift 18
	WHILE  shift 19
	MATCH  shift 20
	SEMI  shift 21
	UNDER  shift 22
	STRING  shift 23
	INT  shift 24
	DOUBLE  shift 25
	CHAR  shift 26
	BOOL  shift 27
	ID  shift 28
	OPTID  shift 29
	RBRACE  reduce 2

	parts  goto 244
	part  goto 32
	imports  goto 33
	fxns  goto 34
	typs  goto 35
	stmts  goto 36
	import  goto 37
	fxn  goto 38
	block  goto 39
	post_expr  goto 40
	typ  goto 41
	stmt  goto 42
	expr  goto 43
	pre_expr  goto 44
	opt_typ  goto 45
	literal  goto 46


state 236
	else_stmt : ELIF LPAREN . expr RPAREN block  (52)
	else_stmt : ELIF LPAREN . expr RPAREN block else_stmt  (53)

	LPAREN  shift 3
	LBRACE  shift 47
	MINUS  shift 5
	INCREMENT  shift 6
	DECREMENT  shift 7
	FORCE  shift 8
	TRY  shift 48
	UNDER  shift 22
	STRING  shift 23
	INT  shift 24
	DOUBLE  shift 25
	CHAR  shift 26
	BOOL  shift 27
	ID  shift 28
	OPTID  shift 29
	.  error

	post_expr  goto 40
	expr  goto 245
	pre_expr  goto 44
	opt_typ  goto 45
	literal  goto 46


state 237
	else_stmt : ELSE block .  (54)

	.  reduce 54


state 238
	stmt : FOR LPAREN post_expr IN expr RPAREN block .  (39)

	.  reduce 39


state 239
	stmt : FOR LPAREN expr SEMI expr SEMI expr . RPAREN block  (38)

	RPAREN  shift 246
	.  error


state 240
	match_condition : post_expr LPAREN . opt_typs RPAREN  (48)
	match_condition : post_expr LPAREN . opt_typs RPAREN WHEN expr  (50)
	post_expr : post_expr LPAREN . RPAREN  (91)
	post_expr : post_expr LPAREN . exprs RPAREN  (92)

	LPAREN  shift 3
	RPAREN  shift 140
	LBRACE  shift 47
	MINUS  shift 5
	INCREMENT  shift 6
	DECREMENT  shift 7
	FORCE  shift 8
	TRY  shift 48
	UNDER  shift 22
	STRING  shift 23
	INT  shift 24
	DOUBLE  shift 25
	CHAR  shift 26
	BOOL  shift 27
	ID  shift 28
	OPTID  shift 29
	.  error

	post_expr  goto 40
	expr  goto 116
	opt_typs  goto 247
	exprs  goto 141
	pre_expr  goto 44
	opt_typ  goto 52
	literal  goto 46


state 241
	match_condition : post_expr WHEN . expr  (51)

	LPAREN  shift 3
	LBRACE  shift 47
	MINUS  shift 5
	INCREMENT  shift 6
	DECREMENT  shift 7
	FORCE  shift 8
	TRY  shift 48
	UNDER  shift 22
	STRING  shift 23
	INT  shift 24
	DOUBLE  shift 25
	CHAR  shift 26
	BOOL  shift 27
	ID  shift 28
	OPTID  shift 29
	.  error

	post_expr  goto 40
	expr  goto 248
	pre_expr  goto 44
	opt_typ  goto 45
	literal  goto 46


state 242
	stmt : MATCH LPAREN expr RPAREN LBRACE match_conditions RBRACE .  (41)

	.  reduce 41


state 243
	match_conditions : match_condition block .  (46)
	match_conditions : match_condition block . VERT match_conditions  (47)

	VERT  shift 249
	RBRACE  reduce 46


state 244
	sub_typ : ID OF post_expr LBRACE parts . RBRACE  (26)

	RBRACE  shift 250
	.  error


state 245
	else_stmt : ELIF LPAREN expr . RPAREN block  (52)
	else_stmt : ELIF LPAREN expr . RPAREN block else_stmt  (53)

	RPAREN  shift 251
	.  error


state 246
	stmt : FOR LPAREN expr SEMI expr SEMI expr RPAREN . block  (38)

	LBRACE  shift 197
	.  error

	block  goto 252


state 247
	match_condition : post_expr LPAREN opt_typs . RPAREN  (48)
	match_condition : post_expr LPAREN opt_typs . RPAREN WHEN expr  (50)

	RPAREN  shift 253
	.  error


state 248
	match_condition : post_expr WHEN expr .  (51)

	.  reduce 51


state 249
	match_conditions : match_condition block VERT . match_conditions  (47)

	LPAREN  shift 3
	LBRACE  shift 47
	UNDER  shift 22
	STRING  shift 23
	INT  shift 24
	DOUBLE  shift 25
	CHAR  shift 26
	BOOL  shift 27
	ID  shift 28
	OPTID  shift 29
	.  error

	post_expr  goto 227
	match_conditions  goto 254
	match_condition  goto 229
	opt_typ  goto 45
	literal  goto 46


state 250
	sub_typ : ID OF post_expr LBRACE parts RBRACE .  (26)

	.  reduce 26


state 251
	else_stmt : ELIF LPAREN expr RPAREN . block  (52)
	else_stmt : ELIF LPAREN expr RPAREN . block else_stmt  (53)

	LBRACE  shift 197
	.  error

	block  goto 255


state 252
	stmt : FOR LPAREN expr SEMI expr SEMI expr RPAREN block .  (38)

	.  reduce 38


state 253
	match_condition : post_expr LPAREN opt_typs RPAREN .  (48)
	match_condition : post_expr LPAREN opt_typs RPAREN . WHEN expr  (50)

	WHEN  shift 256
	LBRACE  reduce 48


state 254
	match_conditions : match_condition block VERT match_conditions .  (47)

	.  reduce 47


state 255
	else_stmt : ELIF LPAREN expr RPAREN block .  (52)
	else_stmt : ELIF LPAREN expr RPAREN block . else_stmt  (53)

	ELIF  shift 221
	ELSE  shift 222
	LPAREN  reduce 52
	LBRACE  reduce 52
	RBRACE  reduce 52
	MINUS  reduce 52
	INCREMENT  reduce 52
	DECREMENT  reduce 52
	FORCE  reduce 52
	FUN  reduce 52
	TYPE  reduce 52
	IMPORT  reduce 52
	PRINT  reduce 52
	RAISE  reduce 52
	BREAK  reduce 52
	RETURN  reduce 52
	TRY  reduce 52
	IF  reduce 52
	FOR  reduce 52
	WHILE  reduce 52
	MATCH  reduce 52
	SEMI  reduce 52
	UNDER  reduce 52
	EOF  reduce 52
	STRING  reduce 52
	INT  reduce 52
	DOUBLE  reduce 52
	CHAR  reduce 52
	BOOL  reduce 52
	ID  reduce 52
	OPTID  reduce 52

	else_stmt  goto 257


state 256
	match_condition : post_expr LPAREN opt_typs RPAREN WHEN . expr  (50)

	LPAREN  shift 3
	LBRACE  shift 47
	MINUS  shift 5
	INCREMENT  shift 6
	DECREMENT  shift 7
	FORCE  shift 8
	TRY  shift 48
	UNDER  shift 22
	STRING  shift 23
	INT  shift 24
	DOUBLE  shift 25
	CHAR  shift 26
	BOOL  shift 27
	ID  shift 28
	OPTID  shift 29
	.  error

	post_expr  goto 40
	expr  goto 258
	pre_expr  goto 44
	opt_typ  goto 45
	literal  goto 46


state 257
	else_stmt : ELIF LPAREN expr RPAREN block else_stmt .  (53)

	.  reduce 53


state 258
	match_condition : post_expr LPAREN opt_typs RPAREN WHEN expr .  (50)

	.  reduce 50


State 53 contains 7 reduce/reduce conflicts.


75 terminals, 32 nonterminals
122 grammar rules, 259 states
